This is pdfTeX, Version 3.141592653-2.6-1.40.25 (TeX Live 2023/nixos.org) (preloaded format=pdflatex 2024.6.9)  2 OCT 2024 22:28
entering extended mode
 restricted \write18 enabled.
 file:line:error style messages enabled.
 %&-line parsing enabled.
**Week12_1.tex
(./Week12_1.tex
LaTeX2e <2023-11-01> patch level 1
L3 programming layer <2024-02-20>
(/nix/store/26mc5y0afwh69051vy2slygchjnphc0y-texlive-combined-full-2023-final-texmfdist/tex/latex/base/article.cls
Document Class: article 2023/05/17 v1.4n Standard LaTeX document class
(/nix/store/26mc5y0afwh69051vy2slygchjnphc0y-texlive-combined-full-2023-final-texmfdist/tex/latex/base/size11.clo
File: size11.clo 2023/05/17 v1.4n Standard LaTeX file (size option)
)
\c@part=\count188
\c@section=\count189
\c@subsection=\count190
\c@subsubsection=\count191
\c@paragraph=\count192
\c@subparagraph=\count193
\c@figure=\count194
\c@table=\count195
\abovecaptionskip=\skip48
\belowcaptionskip=\skip49
\bibindent=\dimen140
) (/nix/store/26mc5y0afwh69051vy2slygchjnphc0y-texlive-combined-full-2023-final-texmfdist/tex/latex/microtype/microtype.sty
Package: microtype 2023/03/13 v3.1a Micro-typographical refinements (RS)
 (/nix/store/26mc5y0afwh69051vy2slygchjnphc0y-texlive-combined-full-2023-final-texmfdist/tex/latex/graphics/keyval.sty
Package: keyval 2022/05/29 v1.15 key=value parser (DPC)
\KV@toks@=\toks17
) (/nix/store/26mc5y0afwh69051vy2slygchjnphc0y-texlive-combined-full-2023-final-texmfdist/tex/latex/etoolbox/etoolbox.sty
Package: etoolbox 2020/10/05 v2.5k e-TeX tools for LaTeX (JAW)
\etb@tempcnta=\count196
)
\MT@toks=\toks18
\MT@tempbox=\box51
\MT@count=\count197
LaTeX Info: Redefining \noprotrusionifhmode on input line 1059.
LaTeX Info: Redefining \leftprotrusion on input line 1060.
\MT@prot@toks=\toks19
LaTeX Info: Redefining \rightprotrusion on input line 1078.
LaTeX Info: Redefining \textls on input line 1368.
\MT@outer@kern=\dimen141
LaTeX Info: Redefining \textmicrotypecontext on input line 1988.
\MT@listname@count=\count198
 (/nix/store/26mc5y0afwh69051vy2slygchjnphc0y-texlive-combined-full-2023-final-texmfdist/tex/latex/microtype/microtype-pdftex.def
File: microtype-pdftex.def 2023/03/13 v3.1a Definitions specific to pdftex (RS)
LaTeX Info: Redefining \lsstyle on input line 902.
LaTeX Info: Redefining \lslig on input line 902.
\MT@outer@space=\skip50
)
Package microtype Info: Loading configuration file microtype.cfg.
 (/nix/store/26mc5y0afwh69051vy2slygchjnphc0y-texlive-combined-full-2023-final-texmfdist/tex/latex/microtype/microtype.cfg
File: microtype.cfg 2023/03/13 v3.1a microtype main configuration file (RS)
)) (../lecture.sty

LaTeX Warning: You have requested package `../lecture',
               but the package provides `lecture'.

Package: lecture formatting support for logic handouts
\c@eargletter=\count199
\c@eargnum=\count266
) (/nix/store/26mc5y0afwh69051vy2slygchjnphc0y-texlive-combined-full-2023-final-texmfdist/tex/latex/graphics/graphicx.sty
Package: graphicx 2021/09/16 v1.2d Enhanced LaTeX Graphics (DPC,SPQR)
 (/nix/store/26mc5y0afwh69051vy2slygchjnphc0y-texlive-combined-full-2023-final-texmfdist/tex/latex/graphics/graphics.sty
Package: graphics 2022/03/10 v1.4e Standard LaTeX Graphics (DPC,SPQR)
 (/nix/store/26mc5y0afwh69051vy2slygchjnphc0y-texlive-combined-full-2023-final-texmfdist/tex/latex/graphics/trig.sty
Package: trig 2021/08/11 v1.11 sin cos tan (DPC)
) (/nix/store/26mc5y0afwh69051vy2slygchjnphc0y-texlive-combined-full-2023-final-texmfdist/tex/latex/graphics-cfg/graphics.cfg
File: graphics.cfg 2016/06/04 v1.11 sample graphics configuration
)
Package graphics Info: Driver file: pdftex.def on input line 107.
 (/nix/store/26mc5y0afwh69051vy2slygchjnphc0y-texlive-combined-full-2023-final-texmfdist/tex/latex/graphics-def/pdftex.def
File: pdftex.def 2022/09/22 v1.2b Graphics/color driver for pdftex
))
\Gin@req@height=\dimen142
\Gin@req@width=\dimen143
) (/nix/store/26mc5y0afwh69051vy2slygchjnphc0y-texlive-combined-full-2023-final-texmfdist/tex/latex/wrapfig/wrapfig.sty
\wrapoverhang=\dimen144
\WF@size=\dimen145
\c@WF@wrappedlines=\count267
\WF@box=\box52
\WF@everypar=\toks20
Package: wrapfig 2003/01/31  v 3.6
) (/nix/store/26mc5y0afwh69051vy2slygchjnphc0y-texlive-combined-full-2023-final-texmfdist/tex/latex/enumitem/enumitem.sty
Package: enumitem 2019/06/20 v3.9 Customized lists
\labelindent=\skip51
\enit@outerparindent=\dimen146
\enit@toks=\toks21
\enit@inbox=\box53
\enit@count@id=\count268
\enitdp@description=\count269
) (/nix/store/26mc5y0afwh69051vy2slygchjnphc0y-texlive-combined-full-2023-final-texmfdist/tex/latex/setspace/setspace.sty
Package: setspace 2022/12/04 v6.7b set line spacing
) (/nix/store/26mc5y0afwh69051vy2slygchjnphc0y-texlive-combined-full-2023-final-texmfdist/tex/latex/amsfonts/amssymb.sty
Package: amssymb 2013/01/14 v3.01 AMS font symbols
 (/nix/store/26mc5y0afwh69051vy2slygchjnphc0y-texlive-combined-full-2023-final-texmfdist/tex/latex/amsfonts/amsfonts.sty
Package: amsfonts 2013/01/14 v3.01 Basic AMSFonts support
\@emptytoks=\toks22
\symAMSa=\mathgroup4
\symAMSb=\mathgroup5
LaTeX Font Info:    Redeclaring math symbol \hbar on input line 98.
LaTeX Font Info:    Overwriting math alphabet `\mathfrak' in version `bold'
(Font)                  U/euf/m/n --> U/euf/b/n on input line 106.
)) (/nix/store/26mc5y0afwh69051vy2slygchjnphc0y-texlive-combined-full-2023-final-texmfdist/tex/latex/amsmath/amsmath.sty
Package: amsmath 2023/05/13 v2.17o AMS math features
\@mathmargin=\skip52

For additional information on amsmath, use the `?' option.
(/nix/store/26mc5y0afwh69051vy2slygchjnphc0y-texlive-combined-full-2023-final-texmfdist/tex/latex/amsmath/amstext.sty
Package: amstext 2021/08/26 v2.01 AMS text
 (/nix/store/26mc5y0afwh69051vy2slygchjnphc0y-texlive-combined-full-2023-final-texmfdist/tex/latex/amsmath/amsgen.sty
File: amsgen.sty 1999/11/30 v2.0 generic functions
\@emptytoks=\toks23
\ex@=\dimen147
)) (/nix/store/26mc5y0afwh69051vy2slygchjnphc0y-texlive-combined-full-2023-final-texmfdist/tex/latex/amsmath/amsbsy.sty
Package: amsbsy 1999/11/29 v1.2d Bold Symbols
\pmbraise@=\dimen148
) (/nix/store/26mc5y0afwh69051vy2slygchjnphc0y-texlive-combined-full-2023-final-texmfdist/tex/latex/amsmath/amsopn.sty
Package: amsopn 2022/04/08 v2.04 operator names
)
\inf@bad=\count270
LaTeX Info: Redefining \frac on input line 234.
\uproot@=\count271
\leftroot@=\count272
LaTeX Info: Redefining \overline on input line 399.
LaTeX Info: Redefining \colon on input line 410.
\classnum@=\count273
\DOTSCASE@=\count274
LaTeX Info: Redefining \ldots on input line 496.
LaTeX Info: Redefining \dots on input line 499.
LaTeX Info: Redefining \cdots on input line 620.
\Mathstrutbox@=\box54
\strutbox@=\box55
LaTeX Info: Redefining \big on input line 722.
LaTeX Info: Redefining \Big on input line 723.
LaTeX Info: Redefining \bigg on input line 724.
LaTeX Info: Redefining \Bigg on input line 725.
\big@size=\dimen149
LaTeX Font Info:    Redeclaring font encoding OML on input line 743.
LaTeX Font Info:    Redeclaring font encoding OMS on input line 744.
\macc@depth=\count275
LaTeX Info: Redefining \bmod on input line 905.
LaTeX Info: Redefining \pmod on input line 910.
LaTeX Info: Redefining \smash on input line 940.
LaTeX Info: Redefining \relbar on input line 970.
LaTeX Info: Redefining \Relbar on input line 971.
\c@MaxMatrixCols=\count276
\dotsspace@=\muskip16
\c@parentequation=\count277
\dspbrk@lvl=\count278
\tag@help=\toks24
\row@=\count279
\column@=\count280
\maxfields@=\count281
\andhelp@=\toks25
\eqnshift@=\dimen150
\alignsep@=\dimen151
\tagshift@=\dimen152
\tagwidth@=\dimen153
\totwidth@=\dimen154
\lineht@=\dimen155
\@envbody=\toks26
\multlinegap=\skip53
\multlinetaggap=\skip54
\mathdisplay@stack=\toks27
LaTeX Info: Redefining \[ on input line 2953.
LaTeX Info: Redefining \] on input line 2954.
) (/nix/store/26mc5y0afwh69051vy2slygchjnphc0y-texlive-combined-full-2023-final-texmfdist/tex/latex/jknapltx/mathrsfs.sty
Package: mathrsfs 1996/01/01 Math RSFS package v1.0 (jk)
\symrsfs=\mathgroup6
) (/nix/store/26mc5y0afwh69051vy2slygchjnphc0y-texlive-combined-full-2023-final-texmfdist/tex/latex/stmaryrd/stmaryrd.sty
Package: stmaryrd 1994/03/03 St Mary's Road symbol package
\symstmry=\mathgroup7
LaTeX Font Info:    Overwriting symbol font `stmry' in version `bold'
(Font)                  U/stmry/m/n --> U/stmry/b/n on input line 89.
) (/nix/store/26mc5y0afwh69051vy2slygchjnphc0y-texlive-combined-full-2023-final-texmfdist/tex/latex/mathtools/mathtools.sty
Package: mathtools 2024/03/11 v1.30 mathematical typesetting tools
 (/nix/store/26mc5y0afwh69051vy2slygchjnphc0y-texlive-combined-full-2023-final-texmfdist/tex/latex/tools/calc.sty
Package: calc 2023/07/08 v4.3 Infix arithmetic (KKT,FJ)
\calc@Acount=\count282
\calc@Bcount=\count283
\calc@Adimen=\dimen156
\calc@Bdimen=\dimen157
\calc@Askip=\skip55
\calc@Bskip=\skip56
LaTeX Info: Redefining \setlength on input line 80.
LaTeX Info: Redefining \addtolength on input line 81.
\calc@Ccount=\count284
\calc@Cskip=\skip57
) (/nix/store/26mc5y0afwh69051vy2slygchjnphc0y-texlive-combined-full-2023-final-texmfdist/tex/latex/mathtools/mhsetup.sty
Package: mhsetup 2021/03/18 v1.4 programming setup (MH)
)
\g_MT_multlinerow_int=\count285
\l_MT_multwidth_dim=\dimen158
\origjot=\skip58
\l_MT_shortvdotswithinadjustabove_dim=\dimen159
\l_MT_shortvdotswithinadjustbelow_dim=\dimen160
\l_MT_above_intertext_sep=\dimen161
\l_MT_below_intertext_sep=\dimen162
\l_MT_above_shortintertext_sep=\dimen163
\l_MT_below_shortintertext_sep=\dimen164
\xmathstrut@box=\box56
\xmathstrut@dim=\dimen165
) (/nix/store/26mc5y0afwh69051vy2slygchjnphc0y-texlive-combined-full-2023-final-texmfdist/tex/latex/tools/multicol.sty
Package: multicol 2023/03/30 v1.9f multicolumn formatting (FMi)
\c@tracingmulticols=\count286
\mult@box=\box57
\multicol@leftmargin=\dimen166
\c@unbalance=\count287
\c@collectmore=\count288
\doublecol@number=\count289
\multicoltolerance=\count290
\multicolpretolerance=\count291
\full@width=\dimen167
\page@free=\dimen168
\premulticols=\dimen169
\postmulticols=\dimen170
\multicolsep=\skip59
\multicolbaselineskip=\skip60
\partial@page=\box58
\last@line=\box59
\mc@boxedresult=\box60
\maxbalancingoverflow=\dimen171
\mult@rightbox=\box61
\mult@grightbox=\box62
\mult@firstbox=\box63
\mult@gfirstbox=\box64
\@tempa=\box65
\@tempa=\box66
\@tempa=\box67
\@tempa=\box68
\@tempa=\box69
\@tempa=\box70
\@tempa=\box71
\@tempa=\box72
\@tempa=\box73
\@tempa=\box74
\@tempa=\box75
\@tempa=\box76
\@tempa=\box77
\@tempa=\box78
\@tempa=\box79
\@tempa=\box80
\@tempa=\box81
\@tempa=\box82
\@tempa=\box83
\@tempa=\box84
\@tempa=\box85
\@tempa=\box86
\@tempa=\box87
\@tempa=\box88
\@tempa=\box89
\@tempa=\box90
\@tempa=\box91
\@tempa=\box92
\@tempa=\box93
\@tempa=\box94
\@tempa=\box95
\@tempa=\box96
\@tempa=\box97
\@tempa=\box98
\@tempa=\box99
\@tempa=\box100
\c@minrows=\count292
\c@columnbadness=\count293
\c@finalcolumnbadness=\count294
\last@try=\dimen172
\multicolovershoot=\dimen173
\multicolundershoot=\dimen174
\mult@nat@firstbox=\box101
\colbreak@box=\box102
\mc@col@check@num=\count295
) (/nix/store/26mc5y0afwh69051vy2slygchjnphc0y-texlive-combined-full-2023-final-texmfdist/tex/latex/psnfss/mathpazo.sty
Package: mathpazo 2020/03/25 PSNFSS-v9.3 Palatino w/ Pazo Math (D.Puga, WaS) 
\symupright=\mathgroup8
) (/nix/store/26mc5y0afwh69051vy2slygchjnphc0y-texlive-combined-full-2023-final-texmfdist/tex/latex/base/fontenc.sty
Package: fontenc 2021/04/29 v2.0v Standard LaTeX package
LaTeX Font Info:    Trying to load font information for T1+ppl on input line 112.
 (/nix/store/26mc5y0afwh69051vy2slygchjnphc0y-texlive-combined-full-2023-final-texmfdist/tex/latex/psnfss/t1ppl.fd
File: t1ppl.fd 2001/06/04 font definitions for T1/ppl.
)) (/nix/store/26mc5y0afwh69051vy2slygchjnphc0y-texlive-combined-full-2023-final-texmfdist/tex/latex/tools/array.sty
Package: array 2023/10/16 v2.5g Tabular extension package (FMi)
\col@sep=\dimen175
\ar@mcellbox=\box103
\extrarowheight=\dimen176
\NC@list=\toks28
\extratabsurround=\skip61
\backup@length=\skip62
\ar@cellbox=\box104
) (/nix/store/26mc5y0afwh69051vy2slygchjnphc0y-texlive-combined-full-2023-final-texmfdist/tex/latex/natbib/bibentry.sty
Package: bibentry 2007/10/30 1.5 (PWD)
) (/nix/store/26mc5y0afwh69051vy2slygchjnphc0y-texlive-combined-full-2023-final-texmfdist/tex/latex/prooftrees/prooftrees.sty
(/nix/store/26mc5y0afwh69051vy2slygchjnphc0y-texlive-combined-full-2023-final-texmfdist/tex/latex/svn-prov/svn-prov.sty
Package: svn-prov 2010/04/24 v3.1862 Package Date/Version from SVN Keywords
)
Package: prooftrees 2022/04/02 v0.8 (SVN Rev: 9103)
 (/nix/store/26mc5y0afwh69051vy2slygchjnphc0y-texlive-combined-full-2023-final-texmfdist/tex/latex/forest/forest.sty
Package: forest 2017/07/14 v2.1.5 Drawing (linguistic) trees
 (/nix/store/26mc5y0afwh69051vy2slygchjnphc0y-texlive-combined-full-2023-final-texmfdist/tex/latex/pgf/frontendlayer/tikz.sty (/nix/store/26mc5y0afwh69051vy2slygchjnphc0y-texlive-combined-full-2023-final-texmfdist/tex/latex/pgf/basiclayer/pgf.sty (/nix/store/26mc5y0afwh69051vy2slygchjnphc0y-texlive-combined-full-2023-final-texmfdist/tex/latex/pgf/utilities/pgfrcs.sty (/nix/store/26mc5y0afwh69051vy2slygchjnphc0y-texlive-combined-full-2023-final-texmfdist/tex/generic/pgf/utilities/pgfutil-common.tex
\pgfutil@everybye=\toks29
\pgfutil@tempdima=\dimen177
\pgfutil@tempdimb=\dimen178
) (/nix/store/26mc5y0afwh69051vy2slygchjnphc0y-texlive-combined-full-2023-final-texmfdist/tex/generic/pgf/utilities/pgfutil-latex.def
\pgfutil@abb=\box105
) (/nix/store/26mc5y0afwh69051vy2slygchjnphc0y-texlive-combined-full-2023-final-texmfdist/tex/generic/pgf/utilities/pgfrcs.code.tex (/nix/store/26mc5y0afwh69051vy2slygchjnphc0y-texlive-combined-full-2023-final-texmfdist/tex/generic/pgf/pgf.revision.tex)
Package: pgfrcs 2023-01-15 v3.1.10 (3.1.10)
))
Package: pgf 2023-01-15 v3.1.10 (3.1.10)
 (/nix/store/26mc5y0afwh69051vy2slygchjnphc0y-texlive-combined-full-2023-final-texmfdist/tex/latex/pgf/basiclayer/pgfcore.sty (/nix/store/26mc5y0afwh69051vy2slygchjnphc0y-texlive-combined-full-2023-final-texmfdist/tex/latex/pgf/systemlayer/pgfsys.sty (/nix/store/26mc5y0afwh69051vy2slygchjnphc0y-texlive-combined-full-2023-final-texmfdist/tex/generic/pgf/systemlayer/pgfsys.code.tex
Package: pgfsys 2023-01-15 v3.1.10 (3.1.10)
 (/nix/store/26mc5y0afwh69051vy2slygchjnphc0y-texlive-combined-full-2023-final-texmfdist/tex/generic/pgf/utilities/pgfkeys.code.tex
\pgfkeys@pathtoks=\toks30
\pgfkeys@temptoks=\toks31
 (/nix/store/26mc5y0afwh69051vy2slygchjnphc0y-texlive-combined-full-2023-final-texmfdist/tex/generic/pgf/utilities/pgfkeyslibraryfiltered.code.tex
\pgfkeys@tmptoks=\toks32
))
\pgf@x=\dimen179
\pgf@y=\dimen180
\pgf@xa=\dimen181
\pgf@ya=\dimen182
\pgf@xb=\dimen183
\pgf@yb=\dimen184
\pgf@xc=\dimen185
\pgf@yc=\dimen186
\pgf@xd=\dimen187
\pgf@yd=\dimen188
\w@pgf@writea=\write3
\r@pgf@reada=\read2
\c@pgf@counta=\count296
\c@pgf@countb=\count297
\c@pgf@countc=\count298
\c@pgf@countd=\count299
\t@pgf@toka=\toks33
\t@pgf@tokb=\toks34
\t@pgf@tokc=\toks35
\pgf@sys@id@count=\count300
 (/nix/store/26mc5y0afwh69051vy2slygchjnphc0y-texlive-combined-full-2023-final-texmfdist/tex/generic/pgf/systemlayer/pgf.cfg
File: pgf.cfg 2023-01-15 v3.1.10 (3.1.10)
)
Driver file for pgf: pgfsys-pdftex.def

(/nix/store/26mc5y0afwh69051vy2slygchjnphc0y-texlive-combined-full-2023-final-texmfdist/tex/generic/pgf/systemlayer/pgfsys-pdftex.def
File: pgfsys-pdftex.def 2023-01-15 v3.1.10 (3.1.10)
 (/nix/store/26mc5y0afwh69051vy2slygchjnphc0y-texlive-combined-full-2023-final-texmfdist/tex/generic/pgf/systemlayer/pgfsys-common-pdf.def
File: pgfsys-common-pdf.def 2023-01-15 v3.1.10 (3.1.10)
))) (/nix/store/26mc5y0afwh69051vy2slygchjnphc0y-texlive-combined-full-2023-final-texmfdist/tex/generic/pgf/systemlayer/pgfsyssoftpath.code.tex
File: pgfsyssoftpath.code.tex 2023-01-15 v3.1.10 (3.1.10)
\pgfsyssoftpath@smallbuffer@items=\count301
\pgfsyssoftpath@bigbuffer@items=\count302
) (/nix/store/26mc5y0afwh69051vy2slygchjnphc0y-texlive-combined-full-2023-final-texmfdist/tex/generic/pgf/systemlayer/pgfsysprotocol.code.tex
File: pgfsysprotocol.code.tex 2023-01-15 v3.1.10 (3.1.10)
)) (/nix/store/26mc5y0afwh69051vy2slygchjnphc0y-texlive-combined-full-2023-final-texmfdist/tex/latex/xcolor/xcolor.sty
Package: xcolor 2023/11/15 v3.01 LaTeX color extensions (UK)
 (/nix/store/26mc5y0afwh69051vy2slygchjnphc0y-texlive-combined-full-2023-final-texmfdist/tex/latex/graphics-cfg/color.cfg
File: color.cfg 2016/01/02 v1.6 sample color configuration
)
Package xcolor Info: Driver file: pdftex.def on input line 274.
 (/nix/store/26mc5y0afwh69051vy2slygchjnphc0y-texlive-combined-full-2023-final-texmfdist/tex/latex/graphics/mathcolor.ltx)
Package xcolor Info: Model `cmy' substituted by `cmy0' on input line 1350.
Package xcolor Info: Model `hsb' substituted by `rgb' on input line 1354.
Package xcolor Info: Model `RGB' extended on input line 1366.
Package xcolor Info: Model `HTML' substituted by `rgb' on input line 1368.
Package xcolor Info: Model `Hsb' substituted by `hsb' on input line 1369.
Package xcolor Info: Model `tHsb' substituted by `hsb' on input line 1370.
Package xcolor Info: Model `HSB' substituted by `hsb' on input line 1371.
Package xcolor Info: Model `Gray' substituted by `gray' on input line 1372.
Package xcolor Info: Model `wave' substituted by `hsb' on input line 1373.
) (/nix/store/26mc5y0afwh69051vy2slygchjnphc0y-texlive-combined-full-2023-final-texmfdist/tex/generic/pgf/basiclayer/pgfcore.code.tex
Package: pgfcore 2023-01-15 v3.1.10 (3.1.10)
 (/nix/store/26mc5y0afwh69051vy2slygchjnphc0y-texlive-combined-full-2023-final-texmfdist/tex/generic/pgf/math/pgfmath.code.tex (/nix/store/26mc5y0afwh69051vy2slygchjnphc0y-texlive-combined-full-2023-final-texmfdist/tex/generic/pgf/math/pgfmathutil.code.tex) (/nix/store/26mc5y0afwh69051vy2slygchjnphc0y-texlive-combined-full-2023-final-texmfdist/tex/generic/pgf/math/pgfmathparser.code.tex
\pgfmath@dimen=\dimen189
\pgfmath@count=\count303
\pgfmath@box=\box106
\pgfmath@toks=\toks36
\pgfmath@stack@operand=\toks37
\pgfmath@stack@operation=\toks38
) (/nix/store/26mc5y0afwh69051vy2slygchjnphc0y-texlive-combined-full-2023-final-texmfdist/tex/generic/pgf/math/pgfmathfunctions.code.tex) (/nix/store/26mc5y0afwh69051vy2slygchjnphc0y-texlive-combined-full-2023-final-texmfdist/tex/generic/pgf/math/pgfmathfunctions.basic.code.tex) (/nix/store/26mc5y0afwh69051vy2slygchjnphc0y-texlive-combined-full-2023-final-texmfdist/tex/generic/pgf/math/pgfmathfunctions.trigonometric.code.tex)
(/nix/store/26mc5y0afwh69051vy2slygchjnphc0y-texlive-combined-full-2023-final-texmfdist/tex/generic/pgf/math/pgfmathfunctions.random.code.tex) (/nix/store/26mc5y0afwh69051vy2slygchjnphc0y-texlive-combined-full-2023-final-texmfdist/tex/generic/pgf/math/pgfmathfunctions.comparison.code.tex) (/nix/store/26mc5y0afwh69051vy2slygchjnphc0y-texlive-combined-full-2023-final-texmfdist/tex/generic/pgf/math/pgfmathfunctions.base.code.tex) (/nix/store/26mc5y0afwh69051vy2slygchjnphc0y-texlive-combined-full-2023-final-texmfdist/tex/generic/pgf/math/pgfmathfunctions.round.code.tex) (/nix/store/26mc5y0afwh69051vy2slygchjnphc0y-texlive-combined-full-2023-final-texmfdist/tex/generic/pgf/math/pgfmathfunctions.misc.code.tex) (/nix/store/26mc5y0afwh69051vy2slygchjnphc0y-texlive-combined-full-2023-final-texmfdist/tex/generic/pgf/math/pgfmathfunctions.integerarithmetics.code.tex) (/nix/store/26mc5y0afwh69051vy2slygchjnphc0y-texlive-combined-full-2023-final-texmfdist/tex/generic/pgf/math/pgfmathcalc.code.tex) (/nix/store/26mc5y0afwh69051vy2slygchjnphc0y-texlive-combined-full-2023-final-texmfdist/tex/generic/pgf/math/pgfmathfloat.code.tex
\c@pgfmathroundto@lastzeros=\count304
)) (/nix/store/26mc5y0afwh69051vy2slygchjnphc0y-texlive-combined-full-2023-final-texmfdist/tex/generic/pgf/math/pgfint.code.tex) (/nix/store/26mc5y0afwh69051vy2slygchjnphc0y-texlive-combined-full-2023-final-texmfdist/tex/generic/pgf/basiclayer/pgfcorepoints.code.tex
File: pgfcorepoints.code.tex 2023-01-15 v3.1.10 (3.1.10)
\pgf@picminx=\dimen190
\pgf@picmaxx=\dimen191
\pgf@picminy=\dimen192
\pgf@picmaxy=\dimen193
\pgf@pathminx=\dimen194
\pgf@pathmaxx=\dimen195
\pgf@pathminy=\dimen196
\pgf@pathmaxy=\dimen197
\pgf@xx=\dimen198
\pgf@xy=\dimen199
\pgf@yx=\dimen256
\pgf@yy=\dimen257
\pgf@zx=\dimen258
\pgf@zy=\dimen259
) (/nix/store/26mc5y0afwh69051vy2slygchjnphc0y-texlive-combined-full-2023-final-texmfdist/tex/generic/pgf/basiclayer/pgfcorepathconstruct.code.tex
File: pgfcorepathconstruct.code.tex 2023-01-15 v3.1.10 (3.1.10)
\pgf@path@lastx=\dimen260
\pgf@path@lasty=\dimen261
) (/nix/store/26mc5y0afwh69051vy2slygchjnphc0y-texlive-combined-full-2023-final-texmfdist/tex/generic/pgf/basiclayer/pgfcorepathusage.code.tex
File: pgfcorepathusage.code.tex 2023-01-15 v3.1.10 (3.1.10)
\pgf@shorten@end@additional=\dimen262
\pgf@shorten@start@additional=\dimen263
) (/nix/store/26mc5y0afwh69051vy2slygchjnphc0y-texlive-combined-full-2023-final-texmfdist/tex/generic/pgf/basiclayer/pgfcorescopes.code.tex
File: pgfcorescopes.code.tex 2023-01-15 v3.1.10 (3.1.10)
\pgfpic=\box107
\pgf@hbox=\box108
\pgf@layerbox@main=\box109
\pgf@picture@serial@count=\count305
) (/nix/store/26mc5y0afwh69051vy2slygchjnphc0y-texlive-combined-full-2023-final-texmfdist/tex/generic/pgf/basiclayer/pgfcoregraphicstate.code.tex
File: pgfcoregraphicstate.code.tex 2023-01-15 v3.1.10 (3.1.10)
\pgflinewidth=\dimen264
)
(/nix/store/26mc5y0afwh69051vy2slygchjnphc0y-texlive-combined-full-2023-final-texmfdist/tex/generic/pgf/basiclayer/pgfcoretransformations.code.tex
File: pgfcoretransformations.code.tex 2023-01-15 v3.1.10 (3.1.10)
\pgf@pt@x=\dimen265
\pgf@pt@y=\dimen266
\pgf@pt@temp=\dimen267
) (/nix/store/26mc5y0afwh69051vy2slygchjnphc0y-texlive-combined-full-2023-final-texmfdist/tex/generic/pgf/basiclayer/pgfcorequick.code.tex
File: pgfcorequick.code.tex 2023-01-15 v3.1.10 (3.1.10)
) (/nix/store/26mc5y0afwh69051vy2slygchjnphc0y-texlive-combined-full-2023-final-texmfdist/tex/generic/pgf/basiclayer/pgfcoreobjects.code.tex
File: pgfcoreobjects.code.tex 2023-01-15 v3.1.10 (3.1.10)
) (/nix/store/26mc5y0afwh69051vy2slygchjnphc0y-texlive-combined-full-2023-final-texmfdist/tex/generic/pgf/basiclayer/pgfcorepathprocessing.code.tex
File: pgfcorepathprocessing.code.tex 2023-01-15 v3.1.10 (3.1.10)
) (/nix/store/26mc5y0afwh69051vy2slygchjnphc0y-texlive-combined-full-2023-final-texmfdist/tex/generic/pgf/basiclayer/pgfcorearrows.code.tex
File: pgfcorearrows.code.tex 2023-01-15 v3.1.10 (3.1.10)
\pgfarrowsep=\dimen268
) (/nix/store/26mc5y0afwh69051vy2slygchjnphc0y-texlive-combined-full-2023-final-texmfdist/tex/generic/pgf/basiclayer/pgfcoreshade.code.tex
File: pgfcoreshade.code.tex 2023-01-15 v3.1.10 (3.1.10)
\pgf@max=\dimen269
\pgf@sys@shading@range@num=\count306
\pgf@shadingcount=\count307
) (/nix/store/26mc5y0afwh69051vy2slygchjnphc0y-texlive-combined-full-2023-final-texmfdist/tex/generic/pgf/basiclayer/pgfcoreimage.code.tex
File: pgfcoreimage.code.tex 2023-01-15 v3.1.10 (3.1.10)
) (/nix/store/26mc5y0afwh69051vy2slygchjnphc0y-texlive-combined-full-2023-final-texmfdist/tex/generic/pgf/basiclayer/pgfcoreexternal.code.tex
File: pgfcoreexternal.code.tex 2023-01-15 v3.1.10 (3.1.10)
\pgfexternal@startupbox=\box110
) (/nix/store/26mc5y0afwh69051vy2slygchjnphc0y-texlive-combined-full-2023-final-texmfdist/tex/generic/pgf/basiclayer/pgfcorelayers.code.tex
File: pgfcorelayers.code.tex 2023-01-15 v3.1.10 (3.1.10)
) (/nix/store/26mc5y0afwh69051vy2slygchjnphc0y-texlive-combined-full-2023-final-texmfdist/tex/generic/pgf/basiclayer/pgfcoretransparency.code.tex
File: pgfcoretransparency.code.tex 2023-01-15 v3.1.10 (3.1.10)
) (/nix/store/26mc5y0afwh69051vy2slygchjnphc0y-texlive-combined-full-2023-final-texmfdist/tex/generic/pgf/basiclayer/pgfcorepatterns.code.tex
File: pgfcorepatterns.code.tex 2023-01-15 v3.1.10 (3.1.10)
) (/nix/store/26mc5y0afwh69051vy2slygchjnphc0y-texlive-combined-full-2023-final-texmfdist/tex/generic/pgf/basiclayer/pgfcorerdf.code.tex
File: pgfcorerdf.code.tex 2023-01-15 v3.1.10 (3.1.10)
))) (/nix/store/26mc5y0afwh69051vy2slygchjnphc0y-texlive-combined-full-2023-final-texmfdist/tex/generic/pgf/modules/pgfmoduleshapes.code.tex
File: pgfmoduleshapes.code.tex 2023-01-15 v3.1.10 (3.1.10)
\pgfnodeparttextbox=\box111
) (/nix/store/26mc5y0afwh69051vy2slygchjnphc0y-texlive-combined-full-2023-final-texmfdist/tex/generic/pgf/modules/pgfmoduleplot.code.tex
File: pgfmoduleplot.code.tex 2023-01-15 v3.1.10 (3.1.10)
)
(/nix/store/26mc5y0afwh69051vy2slygchjnphc0y-texlive-combined-full-2023-final-texmfdist/tex/latex/pgf/compatibility/pgfcomp-version-0-65.sty
Package: pgfcomp-version-0-65 2023-01-15 v3.1.10 (3.1.10)
\pgf@nodesepstart=\dimen270
\pgf@nodesepend=\dimen271
) (/nix/store/26mc5y0afwh69051vy2slygchjnphc0y-texlive-combined-full-2023-final-texmfdist/tex/latex/pgf/compatibility/pgfcomp-version-1-18.sty
Package: pgfcomp-version-1-18 2023-01-15 v3.1.10 (3.1.10)
)) (/nix/store/26mc5y0afwh69051vy2slygchjnphc0y-texlive-combined-full-2023-final-texmfdist/tex/latex/pgf/utilities/pgffor.sty (/nix/store/26mc5y0afwh69051vy2slygchjnphc0y-texlive-combined-full-2023-final-texmfdist/tex/latex/pgf/utilities/pgfkeys.sty (/nix/store/26mc5y0afwh69051vy2slygchjnphc0y-texlive-combined-full-2023-final-texmfdist/tex/generic/pgf/utilities/pgfkeys.code.tex)) (/nix/store/26mc5y0afwh69051vy2slygchjnphc0y-texlive-combined-full-2023-final-texmfdist/tex/latex/pgf/math/pgfmath.sty (/nix/store/26mc5y0afwh69051vy2slygchjnphc0y-texlive-combined-full-2023-final-texmfdist/tex/generic/pgf/math/pgfmath.code.tex)) (/nix/store/26mc5y0afwh69051vy2slygchjnphc0y-texlive-combined-full-2023-final-texmfdist/tex/generic/pgf/utilities/pgffor.code.tex
Package: pgffor 2023-01-15 v3.1.10 (3.1.10)
\pgffor@iter=\dimen272
\pgffor@skip=\dimen273
\pgffor@stack=\toks39
\pgffor@toks=\toks40
)) (/nix/store/26mc5y0afwh69051vy2slygchjnphc0y-texlive-combined-full-2023-final-texmfdist/tex/generic/pgf/frontendlayer/tikz/tikz.code.tex
Package: tikz 2023-01-15 v3.1.10 (3.1.10)
 (/nix/store/26mc5y0afwh69051vy2slygchjnphc0y-texlive-combined-full-2023-final-texmfdist/tex/generic/pgf/libraries/pgflibraryplothandlers.code.tex
File: pgflibraryplothandlers.code.tex 2023-01-15 v3.1.10 (3.1.10)
\pgf@plot@mark@count=\count308
\pgfplotmarksize=\dimen274
)
\tikz@lastx=\dimen275
\tikz@lasty=\dimen276
\tikz@lastxsaved=\dimen277
\tikz@lastysaved=\dimen278
\tikz@lastmovetox=\dimen279
\tikz@lastmovetoy=\dimen280
\tikzleveldistance=\dimen281
\tikzsiblingdistance=\dimen282
\tikz@figbox=\box112
\tikz@figbox@bg=\box113
\tikz@tempbox=\box114
\tikz@tempbox@bg=\box115
\tikztreelevel=\count309
\tikznumberofchildren=\count310
\tikznumberofcurrentchild=\count311
\tikz@fig@count=\count312
 (/nix/store/26mc5y0afwh69051vy2slygchjnphc0y-texlive-combined-full-2023-final-texmfdist/tex/generic/pgf/modules/pgfmodulematrix.code.tex
File: pgfmodulematrix.code.tex 2023-01-15 v3.1.10 (3.1.10)
\pgfmatrixcurrentrow=\count313
\pgfmatrixcurrentcolumn=\count314
\pgf@matrix@numberofcolumns=\count315
)
\tikz@expandcount=\count316
 (/nix/store/26mc5y0afwh69051vy2slygchjnphc0y-texlive-combined-full-2023-final-texmfdist/tex/generic/pgf/frontendlayer/tikz/libraries/tikzlibrarytopaths.code.tex
File: tikzlibrarytopaths.code.tex 2023-01-15 v3.1.10 (3.1.10)
))) (/nix/store/26mc5y0afwh69051vy2slygchjnphc0y-texlive-combined-full-2023-final-texmfdist/tex/generic/pgf/frontendlayer/tikz/libraries/tikzlibraryshapes.code.tex
File: tikzlibraryshapes.code.tex 2023-01-15 v3.1.10 (3.1.10)
 (/nix/store/26mc5y0afwh69051vy2slygchjnphc0y-texlive-combined-full-2023-final-texmfdist/tex/generic/pgf/frontendlayer/tikz/libraries/tikzlibraryshapes.geometric.code.tex
File: tikzlibraryshapes.geometric.code.tex 2023-01-15 v3.1.10 (3.1.10)

(/nix/store/26mc5y0afwh69051vy2slygchjnphc0y-texlive-combined-full-2023-final-texmfdist/tex/generic/pgf/libraries/shapes/pgflibraryshapes.geometric.code.tex
File: pgflibraryshapes.geometric.code.tex 2023-01-15 v3.1.10 (3.1.10)
)) (/nix/store/26mc5y0afwh69051vy2slygchjnphc0y-texlive-combined-full-2023-final-texmfdist/tex/generic/pgf/frontendlayer/tikz/libraries/tikzlibraryshapes.misc.code.tex
File: tikzlibraryshapes.misc.code.tex 2023-01-15 v3.1.10 (3.1.10)
 (/nix/store/26mc5y0afwh69051vy2slygchjnphc0y-texlive-combined-full-2023-final-texmfdist/tex/generic/pgf/libraries/shapes/pgflibraryshapes.misc.code.tex
File: pgflibraryshapes.misc.code.tex 2023-01-15 v3.1.10 (3.1.10)
)) (/nix/store/26mc5y0afwh69051vy2slygchjnphc0y-texlive-combined-full-2023-final-texmfdist/tex/generic/pgf/frontendlayer/tikz/libraries/tikzlibraryshapes.symbols.code.tex
File: tikzlibraryshapes.symbols.code.tex 2023-01-15 v3.1.10 (3.1.10)
 (/nix/store/26mc5y0afwh69051vy2slygchjnphc0y-texlive-combined-full-2023-final-texmfdist/tex/generic/pgf/libraries/shapes/pgflibraryshapes.symbols.code.tex
File: pgflibraryshapes.symbols.code.tex 2023-01-15 v3.1.10 (3.1.10)
)) (/nix/store/26mc5y0afwh69051vy2slygchjnphc0y-texlive-combined-full-2023-final-texmfdist/tex/generic/pgf/frontendlayer/tikz/libraries/tikzlibraryshapes.arrows.code.tex
File: tikzlibraryshapes.arrows.code.tex 2023-01-15 v3.1.10 (3.1.10)
 (/nix/store/26mc5y0afwh69051vy2slygchjnphc0y-texlive-combined-full-2023-final-texmfdist/tex/generic/pgf/libraries/shapes/pgflibraryshapes.arrows.code.tex
File: pgflibraryshapes.arrows.code.tex 2023-01-15 v3.1.10 (3.1.10)
)) (/nix/store/26mc5y0afwh69051vy2slygchjnphc0y-texlive-combined-full-2023-final-texmfdist/tex/generic/pgf/frontendlayer/tikz/libraries/tikzlibraryshapes.callouts.code.tex (/nix/store/26mc5y0afwh69051vy2slygchjnphc0y-texlive-combined-full-2023-final-texmfdist/tex/generic/pgf/libraries/shapes/pgflibraryshapes.callouts.code.tex)) (/nix/store/26mc5y0afwh69051vy2slygchjnphc0y-texlive-combined-full-2023-final-texmfdist/tex/generic/pgf/frontendlayer/tikz/libraries/tikzlibraryshapes.multipart.code.tex
File: tikzlibraryshapes.multipart.code.tex 2023-01-15 v3.1.10 (3.1.10)
 (/nix/store/26mc5y0afwh69051vy2slygchjnphc0y-texlive-combined-full-2023-final-texmfdist/tex/generic/pgf/libraries/shapes/pgflibraryshapes.multipart.code.tex
File: pgflibraryshapes.multipart.code.tex 2023-01-15 v3.1.10 (3.1.10)
\pgfnodepartlowerbox=\box116
\pgfnodeparttwobox=\box117
\pgfnodepartthreebox=\box118
\pgfnodepartfourbox=\box119
\pgfnodeparttwentybox=\box120
\pgfnodepartnineteenbox=\box121
\pgfnodeparteighteenbox=\box122
\pgfnodepartseventeenbox=\box123
\pgfnodepartsixteenbox=\box124
\pgfnodepartfifteenbox=\box125
\pgfnodepartfourteenbox=\box126
\pgfnodepartthirteenbox=\box127
\pgfnodeparttwelvebox=\box128
\pgfnodepartelevenbox=\box129
\pgfnodeparttenbox=\box130
\pgfnodepartninebox=\box131
\pgfnodeparteightbox=\box132
\pgfnodepartsevenbox=\box133
\pgfnodepartsixbox=\box134
\pgfnodepartfivebox=\box135
))) (/nix/store/26mc5y0afwh69051vy2slygchjnphc0y-texlive-combined-full-2023-final-texmfdist/tex/generic/pgf/frontendlayer/tikz/libraries/tikzlibraryfit.code.tex
File: tikzlibraryfit.code.tex 2023-01-15 v3.1.10 (3.1.10)
)
(/nix/store/26mc5y0afwh69051vy2slygchjnphc0y-texlive-combined-full-2023-final-texmfdist/tex/generic/pgf/frontendlayer/tikz/libraries/tikzlibrarycalc.code.tex
File: tikzlibrarycalc.code.tex 2023-01-15 v3.1.10 (3.1.10)
) (/nix/store/26mc5y0afwh69051vy2slygchjnphc0y-texlive-combined-full-2023-final-texmfdist/tex/generic/pgf/libraries/pgflibraryintersections.code.tex (/nix/store/26mc5y0afwh69051vy2slygchjnphc0y-texlive-combined-full-2023-final-texmfdist/tex/generic/pgf/libraries/pgflibraryfpu.code.tex)
\pgf@intersect@solutions=\count317
) (/nix/store/26mc5y0afwh69051vy2slygchjnphc0y-texlive-combined-full-2023-final-texmfdist/tex/latex/pgfopts/pgfopts.sty
Package: pgfopts 2014/07/10 v2.1a LaTeX package options with pgfkeys
\pgfopts@list@add@a@toks=\toks41
\pgfopts@list@add@b@toks=\toks42
) (/nix/store/26mc5y0afwh69051vy2slygchjnphc0y-texlive-combined-full-2023-final-texmfdist/tex/latex/elocalloc/elocalloc.sty
Package: elocalloc 2016/12/15 v0.03 local allocation for LaTeX 2015+ (DPC)
) (/nix/store/26mc5y0afwh69051vy2slygchjnphc0y-texlive-combined-full-2023-final-texmfdist/tex/latex/environ/environ.sty
Package: environ 2014/05/04 v0.3 A new way to define environments
 (/nix/store/26mc5y0afwh69051vy2slygchjnphc0y-texlive-combined-full-2023-final-texmfdist/tex/latex/trimspaces/trimspaces.sty
Package: trimspaces 2009/09/17 v1.1 Trim spaces around a token list
)) (/nix/store/26mc5y0afwh69051vy2slygchjnphc0y-texlive-combined-full-2023-final-texmfdist/tex/latex/l3packages/xparse/xparse.sty (/nix/store/26mc5y0afwh69051vy2slygchjnphc0y-texlive-combined-full-2023-final-texmfdist/tex/latex/l3kernel/expl3.sty
Package: expl3 2024-02-20 L3 programming layer (loader) 
 (/nix/store/26mc5y0afwh69051vy2slygchjnphc0y-texlive-combined-full-2023-final-texmfdist/tex/latex/l3backend/l3backend-pdftex.def
File: l3backend-pdftex.def 2024-02-20 L3 backend support: PDF output (pdfTeX)
\l__color_backend_stack_int=\count318
\l__pdf_internal_box=\box136
))
Package: xparse 2024-02-18 L3 Experimental document command parser
) (/nix/store/26mc5y0afwh69051vy2slygchjnphc0y-texlive-combined-full-2023-final-texmfdist/tex/latex/inlinedef/inlinedef.sty
Package: inlinedef 2008/07/10 v1.0 Inlined expansions within definitions
\ID@toks=\toks43
\ID@count=\count319
)
\ID@usercommands=\toks44
\safeloop@depth=\count320
\safeRKloop@depth=\count321
\forest@temp@dimen=\dimen283
\forest@temp@count=\count322
\forest@n=\count323
\forest@temp@global@count=\count324
\forest@temp@toks=\toks45
\forest@temparray@M=\count325
\forest@temparray@N=\count326
\forest@global@temparray@M=\count327
\forest@global@temparray@N=\count328
\forest@isnum@count=\count329
\forest@isdim@nonintpart=\count330
\forest@isdim@dimen=\dimen284
\forest@sort@m=\count331
\forest@sort@k=\count332
\forest@sort@p=\count333
\bracket@content=\toks46
\bracket@afterthought=\toks47
\forest@node@maxid=\count334
\forest@process@left@M=\count335
\forest@process@left@N=\count336
\forest@process@right@M=\count337
\forest@process@right@N=\count338
\forest@process@saved@M=\count339
\forest@process@saved@N=\count340
\forest@process@result@M=\count341
\forest@process@result@N=\count342
\forest@process@n=\count343
\forest@nodewalk@branch@toks=\toks48
\forest@nodewalk@shortsteps@resolution=\toks49
\forest@do@dynamics=\toks50
\forest@box=\box137
\forest@xg=\dimen285
\forest@yg=\dimen286
\forest@xs=\dimen287
\forest@ys=\dimen288
\forest@pi@toks=\toks51
\forest@segment@toks=\toks52
\forest@PIi@toks=\toks53
\forest@PIii@toks=\toks54
\forest@copy@in=\read3
\forest@copy@out=\write4
\forest@externalize@max@outer@n=\count344
\forest@externalize@inner@n=\count345
)) (/nix/store/26mc5y0afwh69051vy2slygchjnphc0y-texlive-combined-full-2023-final-texmfdist/tex/latex/natbib/natbib.sty
Package: natbib 2010/09/13 8.31b (PWD, AO)
\bibhang=\skip63
\bibsep=\skip64
LaTeX Info: Redefining \cite on input line 694.
\c@NAT@ctr=\count346
)

./Week12_1.tex:21: LaTeX Error: Command \qt already defined.
               Or name \end... illegal, see p.192 of the manual.

See the LaTeX manual or LaTeX Companion for explanation.
Type  H <return>  for immediate help.
 ...                                              
                                                  
l.21 \newcommand{\qt}[2]{#1 #2}
                                % for modifying style of quantifer and bound...
Your command was ignored.
Type  I <command> <return>  to replace it with another command,
or  <return>  to continue without it.


./Week12_1.tex:22: LaTeX Error: Command \unisub already defined.
               Or name \end... illegal, see p.192 of the manual.

See the LaTeX manual or LaTeX Companion for explanation.
Type  H <return>  for immediate help.
 ...                                              
                                                  
l.22 \newcommand{\unisub}[2]{[#1/#2]}
                                     
Your command was ignored.
Type  I <command> <return>  to replace it with another command,
or  <return>  to continue without it.

(./Week12_1.aux)
\openout1 = `Week12_1.aux'.

LaTeX Font Info:    Checking defaults for OML/cmm/m/it on input line 52.
LaTeX Font Info:    ... okay on input line 52.
LaTeX Font Info:    Checking defaults for OMS/cmsy/m/n on input line 52.
LaTeX Font Info:    ... okay on input line 52.
LaTeX Font Info:    Checking defaults for OT1/cmr/m/n on input line 52.
LaTeX Font Info:    ... okay on input line 52.
LaTeX Font Info:    Checking defaults for T1/cmr/m/n on input line 52.
LaTeX Font Info:    ... okay on input line 52.
LaTeX Font Info:    Checking defaults for TS1/cmr/m/n on input line 52.
LaTeX Font Info:    ... okay on input line 52.
LaTeX Font Info:    Checking defaults for OMX/cmex/m/n on input line 52.
LaTeX Font Info:    ... okay on input line 52.
LaTeX Font Info:    Checking defaults for U/cmr/m/n on input line 52.
LaTeX Font Info:    ... okay on input line 52.
LaTeX Info: Redefining \microtypecontext on input line 52.
Package microtype Info: Applying patch `item' on input line 52.
Package microtype Info: Applying patch `toc' on input line 52.
Package microtype Info: Applying patch `eqnum' on input line 52.
Package microtype Info: Applying patch `footnote' on input line 52.
Package microtype Info: Applying patch `verbatim' on input line 52.
Package microtype Info: Generating PDF output.
Package microtype Info: Character protrusion enabled (level 2).
Package microtype Info: Using default protrusion set `alltext'.
Package microtype Info: Automatic font expansion enabled (level 2),
(microtype)             stretch: 20, shrink: 20, step: 1, non-selected.
Package microtype Info: Using default expansion set `alltext-nott'.
LaTeX Info: Redefining \showhyphens on input line 52.
Package microtype Info: No adjustment of tracking.
Package microtype Info: No adjustment of interword spacing.
Package microtype Info: No adjustment of character kerning.
 (/nix/store/26mc5y0afwh69051vy2slygchjnphc0y-texlive-combined-full-2023-final-texmfdist/tex/latex/microtype/mt-ppl.cfg
File: mt-ppl.cfg 2005/11/16 v1.6 microtype config. file: Palatino (RS)
) (/nix/store/26mc5y0afwh69051vy2slygchjnphc0y-texlive-combined-full-2023-final-texmfdist/tex/context/base/mkii/supp-pdf.mkii
[Loading MPS to PDF converter (version 2006.09.02).]
\scratchcounter=\count347
\scratchdimen=\dimen289
\scratchbox=\box138
\nofMPsegments=\count348
\nofMParguments=\count349
\everyMPshowfont=\toks55
\MPscratchCnt=\count350
\MPscratchDim=\dimen290
\MPnumerator=\count351
\makeMPintoPDFobject=\count352
\everyMPtoPDFconversion=\toks56
) (/nix/store/26mc5y0afwh69051vy2slygchjnphc0y-texlive-combined-full-2023-final-texmfdist/tex/latex/epstopdf-pkg/epstopdf-base.sty
Package: epstopdf-base 2020-01-24 v2.11 Base part for package epstopdf
 (/nix/store/26mc5y0afwh69051vy2slygchjnphc0y-texlive-combined-full-2023-final-texmfdist/tex/generic/infwarerr/infwarerr.sty
Package: infwarerr 2019/12/03 v1.5 Providing info/warning/error messages (HO)
) (/nix/store/26mc5y0afwh69051vy2slygchjnphc0y-texlive-combined-full-2023-final-texmfdist/tex/latex/grfext/grfext.sty
Package: grfext 2019/12/03 v1.3 Manage graphics extensions (HO)
 (/nix/store/26mc5y0afwh69051vy2slygchjnphc0y-texlive-combined-full-2023-final-texmfdist/tex/generic/kvdefinekeys/kvdefinekeys.sty
Package: kvdefinekeys 2019-12-19 v1.6 Define keys (HO)
)) (/nix/store/26mc5y0afwh69051vy2slygchjnphc0y-texlive-combined-full-2023-final-texmfdist/tex/latex/kvoptions/kvoptions.sty
Package: kvoptions 2022-06-15 v3.15 Key value format for package options (HO)
 (/nix/store/26mc5y0afwh69051vy2slygchjnphc0y-texlive-combined-full-2023-final-texmfdist/tex/generic/ltxcmds/ltxcmds.sty
Package: ltxcmds 2023-12-04 v1.26 LaTeX kernel commands for general use (HO)
) (/nix/store/26mc5y0afwh69051vy2slygchjnphc0y-texlive-combined-full-2023-final-texmfdist/tex/latex/kvsetkeys/kvsetkeys.sty
Package: kvsetkeys 2022-10-05 v1.19 Key value parser (HO)
)) (/nix/store/26mc5y0afwh69051vy2slygchjnphc0y-texlive-combined-full-2023-final-texmfdist/tex/generic/pdftexcmds/pdftexcmds.sty
Package: pdftexcmds 2020-06-27 v0.33 Utility functions of pdfTeX for LuaTeX (HO)
 (/nix/store/26mc5y0afwh69051vy2slygchjnphc0y-texlive-combined-full-2023-final-texmfdist/tex/generic/iftex/iftex.sty
Package: iftex 2022/02/03 v1.0f TeX engine tests
)
Package pdftexcmds Info: \pdf@primitive is available.
Package pdftexcmds Info: \pdf@ifprimitive is available.
Package pdftexcmds Info: \pdfdraftmode found.
)
Package epstopdf-base Info: Redefining graphics rule for `.eps' on input line 485.
Package grfext Info: Graphics extension search list:
(grfext)             [.pdf,.png,.jpg,.mps,.jpeg,.jbig2,.jb2,.PDF,.PNG,.JPG,.JPEG,.JBIG2,.JB2,.eps]
(grfext)             \AppendGraphicsExtensions on input line 504.
 (/nix/store/26mc5y0afwh69051vy2slygchjnphc0y-texlive-combined-full-2023-final-texmfdist/tex/latex/latexconfig/epstopdf-sys.cfg
File: epstopdf-sys.cfg 2010/07/13 v1.3 Configuration of (r)epstopdf for TeX Live
))
LaTeX Font Info:    Trying to load font information for OT1+ppl on input line 54.
 (/nix/store/26mc5y0afwh69051vy2slygchjnphc0y-texlive-combined-full-2023-final-texmfdist/tex/latex/psnfss/ot1ppl.fd
File: ot1ppl.fd 2001/06/04 font definitions for OT1/ppl.
)
LaTeX Font Info:    Trying to load font information for OML+zplm on input line 54.
 (/nix/store/26mc5y0afwh69051vy2slygchjnphc0y-texlive-combined-full-2023-final-texmfdist/tex/latex/psnfss/omlzplm.fd
File: omlzplm.fd 2002/09/08 Fontinst v1.914 font definitions for OML/zplm.
)
LaTeX Font Info:    Trying to load font information for OMS+zplm on input line 54.
 (/nix/store/26mc5y0afwh69051vy2slygchjnphc0y-texlive-combined-full-2023-final-texmfdist/tex/latex/psnfss/omszplm.fd
File: omszplm.fd 2002/09/08 Fontinst v1.914 font definitions for OMS/zplm.
)
LaTeX Font Info:    Trying to load font information for OMX+zplm on input line 54.
 (/nix/store/26mc5y0afwh69051vy2slygchjnphc0y-texlive-combined-full-2023-final-texmfdist/tex/latex/psnfss/omxzplm.fd
File: omxzplm.fd 2002/09/08 Fontinst v1.914 font definitions for OMX/zplm.
)
LaTeX Font Info:    Font shape `U/msa/m/n' will be
(Font)              scaled to size 18.00587pt on input line 54.
 (/nix/store/26mc5y0afwh69051vy2slygchjnphc0y-texlive-combined-full-2023-final-texmfdist/tex/latex/microtype/mt-msa.cfg
File: mt-msa.cfg 2006/02/04 v1.1 microtype config. file: AMS symbols (a) (RS)
)
LaTeX Font Info:    Font shape `U/msa/m/n' will be
(Font)              scaled to size 12.50409pt on input line 54.
LaTeX Font Info:    Font shape `U/msa/m/n' will be
(Font)              scaled to size 10.42007pt on input line 54.
LaTeX Font Info:    Font shape `U/msb/m/n' will be
(Font)              scaled to size 18.00587pt on input line 54.
 (/nix/store/26mc5y0afwh69051vy2slygchjnphc0y-texlive-combined-full-2023-final-texmfdist/tex/latex/microtype/mt-msb.cfg
File: mt-msb.cfg 2005/06/01 v1.0 microtype config. file: AMS symbols (b) (RS)
)
LaTeX Font Info:    Font shape `U/msb/m/n' will be
(Font)              scaled to size 12.50409pt on input line 54.
LaTeX Font Info:    Font shape `U/msb/m/n' will be
(Font)              scaled to size 10.42007pt on input line 54.
LaTeX Font Info:    Trying to load font information for U+rsfs on input line 54.

(/nix/store/26mc5y0afwh69051vy2slygchjnphc0y-texlive-combined-full-2023-final-texmfdist/tex/latex/jknapltx/ursfs.fd
File: ursfs.fd 1998/03/24 rsfs font definition file (jk)
)
LaTeX Font Info:    Trying to load font information for U+stmry on input line 54.
 (/nix/store/26mc5y0afwh69051vy2slygchjnphc0y-texlive-combined-full-2023-final-texmfdist/tex/latex/stmaryrd/Ustmry.fd)
LaTeX Font Info:    Trying to load font information for OT1+zplm on input line 54.
 (/nix/store/26mc5y0afwh69051vy2slygchjnphc0y-texlive-combined-full-2023-final-texmfdist/tex/latex/psnfss/ot1zplm.fd
File: ot1zplm.fd 2002/09/08 Fontinst v1.914 font definitions for OT1/zplm.
)
Package microtype Info: Loading generic protrusion settings for font family
(microtype)             `zplm' (encoding: OT1).
(microtype)             For optimal results, create family-specific settings.
(microtype)             See the microtype manual for details.
LaTeX Font Info:    Font shape `U/msa/m/n' will be
(Font)              scaled to size 11.40997pt on input line 64.
LaTeX Font Info:    Font shape `U/msa/m/n' will be
(Font)              scaled to size 8.33606pt on input line 64.
LaTeX Font Info:    Font shape `U/msa/m/n' will be
(Font)              scaled to size 6.25204pt on input line 64.
LaTeX Font Info:    Font shape `U/msb/m/n' will be
(Font)              scaled to size 11.40997pt on input line 64.
LaTeX Font Info:    Font shape `U/msb/m/n' will be
(Font)              scaled to size 8.33606pt on input line 64.
LaTeX Font Info:    Font shape `U/msb/m/n' will be
(Font)              scaled to size 6.25204pt on input line 64.
LaTeX Font Info:    Trying to load font information for TS1+ppl on input line 99.
 (/nix/store/26mc5y0afwh69051vy2slygchjnphc0y-texlive-combined-full-2023-final-texmfdist/tex/latex/psnfss/ts1ppl.fd
File: ts1ppl.fd 2001/06/04 font definitions for TS1/ppl.
) [1

{/nix/store/hyyc2gbjy7m0b1b69863i6zyjkgadynz-texlive-combined-full-2023-final/share/texmf-var/fonts/map/pdftex/updmap/pdftex.map}{/nix/store/26mc5y0afwh69051vy2slygchjnphc0y-texlive-combined-full-2023-final-texmfdist/fonts/enc/dvips/base/8r.enc}] [2] (./Week12_1.aux)
 ***********
LaTeX2e <2023-11-01> patch level 1
L3 programming layer <2024-02-20>
 ***********
 ) 
Here is how much of TeX's memory you used:
 30746 strings out of 474116
 756787 string characters out of 5717523
 1936187 words of memory out of 5000000
 52560 multiletter control sequences out of 15000+600000
 592486 words of font info for 168 fonts, out of 8000000 for 9000
 1141 hyphenation exceptions out of 8191
 112i,5n,121p,1697b,327s stack positions out of 10000i,1000n,20000p,200000b,200000s
</nix/store/26mc5y0afwh69051vy2slygchjnphc0y-texlive-combined-full-2023-final-texmfdist/fonts/type1/public/amsfonts/cm/cmr10.pfb></nix/store/26mc5y0afwh69051vy2slygchjnphc0y-texlive-combined-full-2023-final-texmfdist/fonts/type1/public/amsfonts/cm/cmsy10.pfb></nix/store/26mc5y0afwh69051vy2slygchjnphc0y-texlive-combined-full-2023-final-texmfdist/fonts/type1/public/mathpazo/fplmri.pfb></nix/store/26mc5y0afwh69051vy2slygchjnphc0y-texlive-combined-full-2023-final-texmfdist/fonts/type1/urw/palatino/uplb8a.pfb></nix/store/26mc5y0afwh69051vy2slygchjnphc0y-texlive-combined-full-2023-final-texmfdist/fonts/type1/urw/palatino/uplr8a.pfb></nix/store/26mc5y0afwh69051vy2slygchjnphc0y-texlive-combined-full-2023-final-texmfdist/fonts/type1/urw/palatino/uplri8a.pfb>
Output written on Week12_1.pdf (2 pages, 79031 bytes).
PDF statistics:
 45 PDF objects out of 1000 (max. 8388607)
 28 compressed objects within 1 object stream
 0 named destinations out of 1000 (max. 500000)
 48141 words of extra memory for PDF output out of 51595 (max. 10000000)

