This is pdfTeX, Version 3.141592653-2.6-1.40.24 (TeX Live 2022/nixos.org) (preloaded format=pdflatex 1980.1.1)  29 NOV 2023 22:04
entering extended mode
 restricted \write18 enabled.
 file:line:error style messages enabled.
 %&-line parsing enabled.
**Week12Th.tex
(./Week12Th.tex
LaTeX2e <2022-11-01> patch level 1
L3 programming layer <2023-02-22> (/nix/store/qm8wwc8j7q54hjzc5v4fdjam4f21n3yy-texlive-combined-full-2022-final-texmfdist/tex/latex/base/article.cls
Document Class: article 2022/07/02 v1.4n Standard LaTeX document class
(/nix/store/qm8wwc8j7q54hjzc5v4fdjam4f21n3yy-texlive-combined-full-2022-final-texmfdist/tex/latex/base/size11.clo
File: size11.clo 2022/07/02 v1.4n Standard LaTeX file (size option)
)
\c@part=\count185
\c@section=\count186
\c@subsection=\count187
\c@subsubsection=\count188
\c@paragraph=\count189
\c@subparagraph=\count190
\c@figure=\count191
\c@table=\count192
\abovecaptionskip=\skip48
\belowcaptionskip=\skip49
\bibindent=\dimen140
) (/nix/store/qm8wwc8j7q54hjzc5v4fdjam4f21n3yy-texlive-combined-full-2022-final-texmfdist/tex/latex/microtype/microtype.sty
Package: microtype 2023/03/13 v3.1a Micro-typographical refinements (RS)
 (/nix/store/qm8wwc8j7q54hjzc5v4fdjam4f21n3yy-texlive-combined-full-2022-final-texmfdist/tex/latex/graphics/keyval.sty
Package: keyval 2022/05/29 v1.15 key=value parser (DPC)
\KV@toks@=\toks16
) (/nix/store/qm8wwc8j7q54hjzc5v4fdjam4f21n3yy-texlive-combined-full-2022-final-texmfdist/tex/latex/etoolbox/etoolbox.sty
Package: etoolbox 2020/10/05 v2.5k e-TeX tools for LaTeX (JAW)
\etb@tempcnta=\count193
)
\MT@toks=\toks17
\MT@tempbox=\box51
\MT@count=\count194
LaTeX Info: Redefining \noprotrusionifhmode on input line 1059.
LaTeX Info: Redefining \leftprotrusion on input line 1060.
\MT@prot@toks=\toks18
LaTeX Info: Redefining \rightprotrusion on input line 1078.
LaTeX Info: Redefining \textls on input line 1368.
\MT@outer@kern=\dimen141
LaTeX Info: Redefining \textmicrotypecontext on input line 1988.
\MT@listname@count=\count195
 (/nix/store/qm8wwc8j7q54hjzc5v4fdjam4f21n3yy-texlive-combined-full-2022-final-texmfdist/tex/latex/microtype/microtype-pdftex.def
File: microtype-pdftex.def 2023/03/13 v3.1a Definitions specific to pdftex (RS)
LaTeX Info: Redefining \lsstyle on input line 902.
LaTeX Info: Redefining \lslig on input line 902.
\MT@outer@space=\skip50
)
Package microtype Info: Loading configuration file microtype.cfg.
 (/nix/store/qm8wwc8j7q54hjzc5v4fdjam4f21n3yy-texlive-combined-full-2022-final-texmfdist/tex/latex/microtype/microtype.cfg
File: microtype.cfg 2023/03/13 v3.1a microtype main configuration file (RS)
)) (/nix/store/qm8wwc8j7q54hjzc5v4fdjam4f21n3yy-texlive-combined-full-2022-final-texmfdist/tex/latex/graphics/graphicx.sty
Package: graphicx 2021/09/16 v1.2d Enhanced LaTeX Graphics (DPC,SPQR)
 (/nix/store/qm8wwc8j7q54hjzc5v4fdjam4f21n3yy-texlive-combined-full-2022-final-texmfdist/tex/latex/graphics/graphics.sty
Package: graphics 2022/03/10 v1.4e Standard LaTeX Graphics (DPC,SPQR)
 (/nix/store/qm8wwc8j7q54hjzc5v4fdjam4f21n3yy-texlive-combined-full-2022-final-texmfdist/tex/latex/graphics/trig.sty
Package: trig 2021/08/11 v1.11 sin cos tan (DPC)
) (/nix/store/qm8wwc8j7q54hjzc5v4fdjam4f21n3yy-texlive-combined-full-2022-final-texmfdist/tex/latex/graphics-cfg/graphics.cfg
File: graphics.cfg 2016/06/04 v1.11 sample graphics configuration
)
Package graphics Info: Driver file: pdftex.def on input line 107.
 (/nix/store/qm8wwc8j7q54hjzc5v4fdjam4f21n3yy-texlive-combined-full-2022-final-texmfdist/tex/latex/graphics-def/pdftex.def
File: pdftex.def 2022/09/22 v1.2b Graphics/color driver for pdftex
))
\Gin@req@height=\dimen142
\Gin@req@width=\dimen143
) (/nix/store/qm8wwc8j7q54hjzc5v4fdjam4f21n3yy-texlive-combined-full-2022-final-texmfdist/tex/latex/wrapfig/wrapfig.sty
\wrapoverhang=\dimen144
\WF@size=\dimen145
\c@WF@wrappedlines=\count196
\WF@box=\box52
\WF@everypar=\toks19
Package: wrapfig 2003/01/31  v 3.6
) (/nix/store/qm8wwc8j7q54hjzc5v4fdjam4f21n3yy-texlive-combined-full-2022-final-texmfdist/tex/latex/enumitem/enumitem.sty
Package: enumitem 2019/06/20 v3.9 Customized lists
\labelindent=\skip51
\enit@outerparindent=\dimen146
\enit@toks=\toks20
\enit@inbox=\box53
\enit@count@id=\count197
\enitdp@description=\count198
) (/nix/store/qm8wwc8j7q54hjzc5v4fdjam4f21n3yy-texlive-combined-full-2022-final-texmfdist/tex/latex/setspace/setspace.sty
Package: setspace 2022/12/04 v6.7b set line spacing
) (/nix/store/qm8wwc8j7q54hjzc5v4fdjam4f21n3yy-texlive-combined-full-2022-final-texmfdist/tex/latex/amsfonts/amssymb.sty
Package: amssymb 2013/01/14 v3.01 AMS font symbols
 (/nix/store/qm8wwc8j7q54hjzc5v4fdjam4f21n3yy-texlive-combined-full-2022-final-texmfdist/tex/latex/amsfonts/amsfonts.sty
Package: amsfonts 2013/01/14 v3.01 Basic AMSFonts support
\@emptytoks=\toks21
\symAMSa=\mathgroup4
\symAMSb=\mathgroup5
LaTeX Font Info:    Redeclaring math symbol \hbar on input line 98.
LaTeX Font Info:    Overwriting math alphabet `\mathfrak' in version `bold'
(Font)                  U/euf/m/n --> U/euf/b/n on input line 106.
))
(/nix/store/qm8wwc8j7q54hjzc5v4fdjam4f21n3yy-texlive-combined-full-2022-final-texmfdist/tex/latex/amsmath/amsmath.sty
Package: amsmath 2022/04/08 v2.17n AMS math features
\@mathmargin=\skip52

For additional information on amsmath, use the `?' option.
(/nix/store/qm8wwc8j7q54hjzc5v4fdjam4f21n3yy-texlive-combined-full-2022-final-texmfdist/tex/latex/amsmath/amstext.sty
Package: amstext 2021/08/26 v2.01 AMS text
 (/nix/store/qm8wwc8j7q54hjzc5v4fdjam4f21n3yy-texlive-combined-full-2022-final-texmfdist/tex/latex/amsmath/amsgen.sty
File: amsgen.sty 1999/11/30 v2.0 generic functions
\@emptytoks=\toks22
\ex@=\dimen147
)) (/nix/store/qm8wwc8j7q54hjzc5v4fdjam4f21n3yy-texlive-combined-full-2022-final-texmfdist/tex/latex/amsmath/amsbsy.sty
Package: amsbsy 1999/11/29 v1.2d Bold Symbols
\pmbraise@=\dimen148
) (/nix/store/qm8wwc8j7q54hjzc5v4fdjam4f21n3yy-texlive-combined-full-2022-final-texmfdist/tex/latex/amsmath/amsopn.sty
Package: amsopn 2022/04/08 v2.04 operator names
)
\inf@bad=\count199
LaTeX Info: Redefining \frac on input line 234.
\uproot@=\count266
\leftroot@=\count267
LaTeX Info: Redefining \overline on input line 399.
LaTeX Info: Redefining \colon on input line 410.
\classnum@=\count268
\DOTSCASE@=\count269
LaTeX Info: Redefining \ldots on input line 496.
LaTeX Info: Redefining \dots on input line 499.
LaTeX Info: Redefining \cdots on input line 620.
\Mathstrutbox@=\box54
\strutbox@=\box55
LaTeX Info: Redefining \big on input line 722.
LaTeX Info: Redefining \Big on input line 723.
LaTeX Info: Redefining \bigg on input line 724.
LaTeX Info: Redefining \Bigg on input line 725.
\big@size=\dimen149
LaTeX Font Info:    Redeclaring font encoding OML on input line 743.
LaTeX Font Info:    Redeclaring font encoding OMS on input line 744.
\macc@depth=\count270
LaTeX Info: Redefining \bmod on input line 905.
LaTeX Info: Redefining \pmod on input line 910.
LaTeX Info: Redefining \smash on input line 940.
LaTeX Info: Redefining \relbar on input line 970.
LaTeX Info: Redefining \Relbar on input line 971.
\c@MaxMatrixCols=\count271
\dotsspace@=\muskip16
\c@parentequation=\count272
\dspbrk@lvl=\count273
\tag@help=\toks23
\row@=\count274
\column@=\count275
\maxfields@=\count276
\andhelp@=\toks24
\eqnshift@=\dimen150
\alignsep@=\dimen151
\tagshift@=\dimen152
\tagwidth@=\dimen153
\totwidth@=\dimen154
\lineht@=\dimen155
\@envbody=\toks25
\multlinegap=\skip53
\multlinetaggap=\skip54
\mathdisplay@stack=\toks26
LaTeX Info: Redefining \[ on input line 2953.
LaTeX Info: Redefining \] on input line 2954.
) (/nix/store/qm8wwc8j7q54hjzc5v4fdjam4f21n3yy-texlive-combined-full-2022-final-texmfdist/tex/latex/jknapltx/mathrsfs.sty
Package: mathrsfs 1996/01/01 Math RSFS package v1.0 (jk)
\symrsfs=\mathgroup6
) (/nix/store/qm8wwc8j7q54hjzc5v4fdjam4f21n3yy-texlive-combined-full-2022-final-texmfdist/tex/latex/stmaryrd/stmaryrd.sty
Package: stmaryrd 1994/03/03 St Mary's Road symbol package
\symstmry=\mathgroup7
LaTeX Font Info:    Overwriting symbol font `stmry' in version `bold'
(Font)                  U/stmry/m/n --> U/stmry/b/n on input line 89.
) (/nix/store/qm8wwc8j7q54hjzc5v4fdjam4f21n3yy-texlive-combined-full-2022-final-texmfdist/tex/latex/mathtools/mathtools.sty
Package: mathtools 2022/06/29 v1.29 mathematical typesetting tools
 (/nix/store/qm8wwc8j7q54hjzc5v4fdjam4f21n3yy-texlive-combined-full-2022-final-texmfdist/tex/latex/tools/calc.sty
Package: calc 2017/05/25 v4.3 Infix arithmetic (KKT,FJ)
\calc@Acount=\count277
\calc@Bcount=\count278
\calc@Adimen=\dimen156
\calc@Bdimen=\dimen157
\calc@Askip=\skip55
\calc@Bskip=\skip56
LaTeX Info: Redefining \setlength on input line 80.
LaTeX Info: Redefining \addtolength on input line 81.
\calc@Ccount=\count279
\calc@Cskip=\skip57
) (/nix/store/qm8wwc8j7q54hjzc5v4fdjam4f21n3yy-texlive-combined-full-2022-final-texmfdist/tex/latex/mathtools/mhsetup.sty
Package: mhsetup 2021/03/18 v1.4 programming setup (MH)
)
\g_MT_multlinerow_int=\count280
\l_MT_multwidth_dim=\dimen158
\origjot=\skip58
\l_MT_shortvdotswithinadjustabove_dim=\dimen159
\l_MT_shortvdotswithinadjustbelow_dim=\dimen160
\l_MT_above_intertext_sep=\dimen161
\l_MT_below_intertext_sep=\dimen162
\l_MT_above_shortintertext_sep=\dimen163
\l_MT_below_shortintertext_sep=\dimen164
\xmathstrut@box=\box56
\xmathstrut@dim=\dimen165
) (/nix/store/qm8wwc8j7q54hjzc5v4fdjam4f21n3yy-texlive-combined-full-2022-final-texmfdist/tex/latex/tools/multicol.sty
Package: multicol 2021/11/30 v1.9d multicolumn formatting (FMi)
\c@tracingmulticols=\count281
\mult@box=\box57
\multicol@leftmargin=\dimen166
\c@unbalance=\count282
\c@collectmore=\count283
\doublecol@number=\count284
\multicoltolerance=\count285
\multicolpretolerance=\count286
\full@width=\dimen167
\page@free=\dimen168
\premulticols=\dimen169
\postmulticols=\dimen170
\multicolsep=\skip59
\multicolbaselineskip=\skip60
\partial@page=\box58
\last@line=\box59
\maxbalancingoverflow=\dimen171
\mult@rightbox=\box60
\mult@grightbox=\box61
\mult@firstbox=\box62
\mult@gfirstbox=\box63
\@tempa=\box64
\@tempa=\box65
\@tempa=\box66
\@tempa=\box67
\@tempa=\box68
\@tempa=\box69
\@tempa=\box70
\@tempa=\box71
\@tempa=\box72
\@tempa=\box73
\@tempa=\box74
\@tempa=\box75
\@tempa=\box76
\@tempa=\box77
\@tempa=\box78
\@tempa=\box79
\@tempa=\box80
\@tempa=\box81
\@tempa=\box82
\@tempa=\box83
\@tempa=\box84
\@tempa=\box85
\@tempa=\box86
\@tempa=\box87
\@tempa=\box88
\@tempa=\box89
\@tempa=\box90
\@tempa=\box91
\@tempa=\box92
\@tempa=\box93
\@tempa=\box94
\@tempa=\box95
\@tempa=\box96
\@tempa=\box97
\@tempa=\box98
\@tempa=\box99
\c@minrows=\count287
\c@columnbadness=\count288
\c@finalcolumnbadness=\count289
\last@try=\dimen172
\multicolovershoot=\dimen173
\multicolundershoot=\dimen174
\mult@nat@firstbox=\box100
\colbreak@box=\box101
\mc@col@check@num=\count290
) (/nix/store/qm8wwc8j7q54hjzc5v4fdjam4f21n3yy-texlive-combined-full-2022-final-texmfdist/tex/latex/psnfss/mathpazo.sty
Package: mathpazo 2020/03/25 PSNFSS-v9.3 Palatino w/ Pazo Math (D.Puga, WaS) 
\symupright=\mathgroup8
) (/nix/store/qm8wwc8j7q54hjzc5v4fdjam4f21n3yy-texlive-combined-full-2022-final-texmfdist/tex/latex/base/fontenc.sty
Package: fontenc 2021/04/29 v2.0v Standard LaTeX package
LaTeX Font Info:    Trying to load font information for T1+ppl on input line 112.
 (/nix/store/qm8wwc8j7q54hjzc5v4fdjam4f21n3yy-texlive-combined-full-2022-final-texmfdist/tex/latex/psnfss/t1ppl.fd
File: t1ppl.fd 2001/06/04 font definitions for T1/ppl.
)) (/nix/store/qm8wwc8j7q54hjzc5v4fdjam4f21n3yy-texlive-combined-full-2022-final-texmfdist/tex/latex/tools/array.sty
Package: array 2022/09/04 v2.5g Tabular extension package (FMi)
\col@sep=\dimen175
\ar@mcellbox=\box102
\extrarowheight=\dimen176
\NC@list=\toks27
\extratabsurround=\skip61
\backup@length=\skip62
\ar@cellbox=\box103
) (/nix/store/qm8wwc8j7q54hjzc5v4fdjam4f21n3yy-texlive-combined-full-2022-final-texmfdist/tex/latex/natbib/bibentry.sty
Package: bibentry 2007/10/30 1.5 (PWD)
) (/nix/store/qm8wwc8j7q54hjzc5v4fdjam4f21n3yy-texlive-combined-full-2022-final-texmfdist/tex/latex/prooftrees/prooftrees.sty
(/nix/store/qm8wwc8j7q54hjzc5v4fdjam4f21n3yy-texlive-combined-full-2022-final-texmfdist/tex/latex/svn-prov/svn-prov.sty
Package: svn-prov 2010/04/24 v3.1862 Package Date/Version from SVN Keywords
)
Package: prooftrees 2019/09/29 v0.7 (SVN Rev: 8641)
 (/nix/store/qm8wwc8j7q54hjzc5v4fdjam4f21n3yy-texlive-combined-full-2022-final-texmfdist/tex/latex/forest/forest.sty
Package: forest 2017/07/14 v2.1.5 Drawing (linguistic) trees
 (/nix/store/qm8wwc8j7q54hjzc5v4fdjam4f21n3yy-texlive-combined-full-2022-final-texmfdist/tex/latex/pgf/frontendlayer/tikz.sty (/nix/store/qm8wwc8j7q54hjzc5v4fdjam4f21n3yy-texlive-combined-full-2022-final-texmfdist/tex/latex/pgf/basiclayer/pgf.sty (/nix/store/qm8wwc8j7q54hjzc5v4fdjam4f21n3yy-texlive-combined-full-2022-final-texmfdist/tex/latex/pgf/utilities/pgfrcs.sty (/nix/store/qm8wwc8j7q54hjzc5v4fdjam4f21n3yy-texlive-combined-full-2022-final-texmfdist/tex/generic/pgf/utilities/pgfutil-common.tex
\pgfutil@everybye=\toks28
\pgfutil@tempdima=\dimen177
\pgfutil@tempdimb=\dimen178
) (/nix/store/qm8wwc8j7q54hjzc5v4fdjam4f21n3yy-texlive-combined-full-2022-final-texmfdist/tex/generic/pgf/utilities/pgfutil-latex.def
\pgfutil@abb=\box104
) (/nix/store/qm8wwc8j7q54hjzc5v4fdjam4f21n3yy-texlive-combined-full-2022-final-texmfdist/tex/generic/pgf/utilities/pgfrcs.code.tex (/nix/store/qm8wwc8j7q54hjzc5v4fdjam4f21n3yy-texlive-combined-full-2022-final-texmfdist/tex/generic/pgf/pgf.revision.tex)
Package: pgfrcs 2023-01-15 v3.1.10 (3.1.10)
))
Package: pgf 2023-01-15 v3.1.10 (3.1.10)
 (/nix/store/qm8wwc8j7q54hjzc5v4fdjam4f21n3yy-texlive-combined-full-2022-final-texmfdist/tex/latex/pgf/basiclayer/pgfcore.sty (/nix/store/qm8wwc8j7q54hjzc5v4fdjam4f21n3yy-texlive-combined-full-2022-final-texmfdist/tex/latex/pgf/systemlayer/pgfsys.sty (/nix/store/qm8wwc8j7q54hjzc5v4fdjam4f21n3yy-texlive-combined-full-2022-final-texmfdist/tex/generic/pgf/systemlayer/pgfsys.code.tex
Package: pgfsys 2023-01-15 v3.1.10 (3.1.10)
 (/nix/store/qm8wwc8j7q54hjzc5v4fdjam4f21n3yy-texlive-combined-full-2022-final-texmfdist/tex/generic/pgf/utilities/pgfkeys.code.tex
\pgfkeys@pathtoks=\toks29
\pgfkeys@temptoks=\toks30
 (/nix/store/qm8wwc8j7q54hjzc5v4fdjam4f21n3yy-texlive-combined-full-2022-final-texmfdist/tex/generic/pgf/utilities/pgfkeyslibraryfiltered.code.tex
\pgfkeys@tmptoks=\toks31
))
\pgf@x=\dimen179
\pgf@y=\dimen180
\pgf@xa=\dimen181
\pgf@ya=\dimen182
\pgf@xb=\dimen183
\pgf@yb=\dimen184
\pgf@xc=\dimen185
\pgf@yc=\dimen186
\pgf@xd=\dimen187
\pgf@yd=\dimen188
\w@pgf@writea=\write3
\r@pgf@reada=\read2
\c@pgf@counta=\count291
\c@pgf@countb=\count292
\c@pgf@countc=\count293
\c@pgf@countd=\count294
\t@pgf@toka=\toks32
\t@pgf@tokb=\toks33
\t@pgf@tokc=\toks34
\pgf@sys@id@count=\count295
 (/nix/store/qm8wwc8j7q54hjzc5v4fdjam4f21n3yy-texlive-combined-full-2022-final-texmfdist/tex/generic/pgf/systemlayer/pgf.cfg
File: pgf.cfg 2023-01-15 v3.1.10 (3.1.10)
)
Driver file for pgf: pgfsys-pdftex.def

(/nix/store/qm8wwc8j7q54hjzc5v4fdjam4f21n3yy-texlive-combined-full-2022-final-texmfdist/tex/generic/pgf/systemlayer/pgfsys-pdftex.def
File: pgfsys-pdftex.def 2023-01-15 v3.1.10 (3.1.10)
 (/nix/store/qm8wwc8j7q54hjzc5v4fdjam4f21n3yy-texlive-combined-full-2022-final-texmfdist/tex/generic/pgf/systemlayer/pgfsys-common-pdf.def
File: pgfsys-common-pdf.def 2023-01-15 v3.1.10 (3.1.10)
))) (/nix/store/qm8wwc8j7q54hjzc5v4fdjam4f21n3yy-texlive-combined-full-2022-final-texmfdist/tex/generic/pgf/systemlayer/pgfsyssoftpath.code.tex
File: pgfsyssoftpath.code.tex 2023-01-15 v3.1.10 (3.1.10)
\pgfsyssoftpath@smallbuffer@items=\count296
\pgfsyssoftpath@bigbuffer@items=\count297
) (/nix/store/qm8wwc8j7q54hjzc5v4fdjam4f21n3yy-texlive-combined-full-2022-final-texmfdist/tex/generic/pgf/systemlayer/pgfsysprotocol.code.tex
File: pgfsysprotocol.code.tex 2023-01-15 v3.1.10 (3.1.10)
)) (/nix/store/qm8wwc8j7q54hjzc5v4fdjam4f21n3yy-texlive-combined-full-2022-final-texmfdist/tex/latex/xcolor/xcolor.sty
Package: xcolor 2022/06/12 v2.14 LaTeX color extensions (UK)
 (/nix/store/qm8wwc8j7q54hjzc5v4fdjam4f21n3yy-texlive-combined-full-2022-final-texmfdist/tex/latex/graphics-cfg/color.cfg
File: color.cfg 2016/01/02 v1.6 sample color configuration
)
Package xcolor Info: Driver file: pdftex.def on input line 227.
 (/nix/store/qm8wwc8j7q54hjzc5v4fdjam4f21n3yy-texlive-combined-full-2022-final-texmfdist/tex/latex/graphics/mathcolor.ltx)
Package xcolor Info: Model `cmy' substituted by `cmy0' on input line 1353.
Package xcolor Info: Model `hsb' substituted by `rgb' on input line 1357.
Package xcolor Info: Model `RGB' extended on input line 1369.
Package xcolor Info: Model `HTML' substituted by `rgb' on input line 1371.
Package xcolor Info: Model `Hsb' substituted by `hsb' on input line 1372.
Package xcolor Info: Model `tHsb' substituted by `hsb' on input line 1373.
Package xcolor Info: Model `HSB' substituted by `hsb' on input line 1374.
Package xcolor Info: Model `Gray' substituted by `gray' on input line 1375.
Package xcolor Info: Model `wave' substituted by `hsb' on input line 1376.
) (/nix/store/qm8wwc8j7q54hjzc5v4fdjam4f21n3yy-texlive-combined-full-2022-final-texmfdist/tex/generic/pgf/basiclayer/pgfcore.code.tex
Package: pgfcore 2023-01-15 v3.1.10 (3.1.10)
 (/nix/store/qm8wwc8j7q54hjzc5v4fdjam4f21n3yy-texlive-combined-full-2022-final-texmfdist/tex/generic/pgf/math/pgfmath.code.tex (/nix/store/qm8wwc8j7q54hjzc5v4fdjam4f21n3yy-texlive-combined-full-2022-final-texmfdist/tex/generic/pgf/math/pgfmathutil.code.tex) (/nix/store/qm8wwc8j7q54hjzc5v4fdjam4f21n3yy-texlive-combined-full-2022-final-texmfdist/tex/generic/pgf/math/pgfmathparser.code.tex
\pgfmath@dimen=\dimen189
\pgfmath@count=\count298
\pgfmath@box=\box105
\pgfmath@toks=\toks35
\pgfmath@stack@operand=\toks36
\pgfmath@stack@operation=\toks37
) (/nix/store/qm8wwc8j7q54hjzc5v4fdjam4f21n3yy-texlive-combined-full-2022-final-texmfdist/tex/generic/pgf/math/pgfmathfunctions.code.tex) (/nix/store/qm8wwc8j7q54hjzc5v4fdjam4f21n3yy-texlive-combined-full-2022-final-texmfdist/tex/generic/pgf/math/pgfmathfunctions.basic.code.tex) (/nix/store/qm8wwc8j7q54hjzc5v4fdjam4f21n3yy-texlive-combined-full-2022-final-texmfdist/tex/generic/pgf/math/pgfmathfunctions.trigonometric.code.tex)
(/nix/store/qm8wwc8j7q54hjzc5v4fdjam4f21n3yy-texlive-combined-full-2022-final-texmfdist/tex/generic/pgf/math/pgfmathfunctions.random.code.tex) (/nix/store/qm8wwc8j7q54hjzc5v4fdjam4f21n3yy-texlive-combined-full-2022-final-texmfdist/tex/generic/pgf/math/pgfmathfunctions.comparison.code.tex) (/nix/store/qm8wwc8j7q54hjzc5v4fdjam4f21n3yy-texlive-combined-full-2022-final-texmfdist/tex/generic/pgf/math/pgfmathfunctions.base.code.tex) (/nix/store/qm8wwc8j7q54hjzc5v4fdjam4f21n3yy-texlive-combined-full-2022-final-texmfdist/tex/generic/pgf/math/pgfmathfunctions.round.code.tex) (/nix/store/qm8wwc8j7q54hjzc5v4fdjam4f21n3yy-texlive-combined-full-2022-final-texmfdist/tex/generic/pgf/math/pgfmathfunctions.misc.code.tex) (/nix/store/qm8wwc8j7q54hjzc5v4fdjam4f21n3yy-texlive-combined-full-2022-final-texmfdist/tex/generic/pgf/math/pgfmathfunctions.integerarithmetics.code.tex) (/nix/store/qm8wwc8j7q54hjzc5v4fdjam4f21n3yy-texlive-combined-full-2022-final-texmfdist/tex/generic/pgf/math/pgfmathcalc.code.tex) (/nix/store/qm8wwc8j7q54hjzc5v4fdjam4f21n3yy-texlive-combined-full-2022-final-texmfdist/tex/generic/pgf/math/pgfmathfloat.code.tex
\c@pgfmathroundto@lastzeros=\count299
)) (/nix/store/qm8wwc8j7q54hjzc5v4fdjam4f21n3yy-texlive-combined-full-2022-final-texmfdist/tex/generic/pgf/math/pgfint.code.tex) (/nix/store/qm8wwc8j7q54hjzc5v4fdjam4f21n3yy-texlive-combined-full-2022-final-texmfdist/tex/generic/pgf/basiclayer/pgfcorepoints.code.tex
File: pgfcorepoints.code.tex 2023-01-15 v3.1.10 (3.1.10)
\pgf@picminx=\dimen190
\pgf@picmaxx=\dimen191
\pgf@picminy=\dimen192
\pgf@picmaxy=\dimen193
\pgf@pathminx=\dimen194
\pgf@pathmaxx=\dimen195
\pgf@pathminy=\dimen196
\pgf@pathmaxy=\dimen197
\pgf@xx=\dimen198
\pgf@xy=\dimen199
\pgf@yx=\dimen256
\pgf@yy=\dimen257
\pgf@zx=\dimen258
\pgf@zy=\dimen259
) (/nix/store/qm8wwc8j7q54hjzc5v4fdjam4f21n3yy-texlive-combined-full-2022-final-texmfdist/tex/generic/pgf/basiclayer/pgfcorepathconstruct.code.tex
File: pgfcorepathconstruct.code.tex 2023-01-15 v3.1.10 (3.1.10)
\pgf@path@lastx=\dimen260
\pgf@path@lasty=\dimen261
) (/nix/store/qm8wwc8j7q54hjzc5v4fdjam4f21n3yy-texlive-combined-full-2022-final-texmfdist/tex/generic/pgf/basiclayer/pgfcorepathusage.code.tex
File: pgfcorepathusage.code.tex 2023-01-15 v3.1.10 (3.1.10)
\pgf@shorten@end@additional=\dimen262
\pgf@shorten@start@additional=\dimen263
) (/nix/store/qm8wwc8j7q54hjzc5v4fdjam4f21n3yy-texlive-combined-full-2022-final-texmfdist/tex/generic/pgf/basiclayer/pgfcorescopes.code.tex
File: pgfcorescopes.code.tex 2023-01-15 v3.1.10 (3.1.10)
\pgfpic=\box106
\pgf@hbox=\box107
\pgf@layerbox@main=\box108
\pgf@picture@serial@count=\count300
) (/nix/store/qm8wwc8j7q54hjzc5v4fdjam4f21n3yy-texlive-combined-full-2022-final-texmfdist/tex/generic/pgf/basiclayer/pgfcoregraphicstate.code.tex
File: pgfcoregraphicstate.code.tex 2023-01-15 v3.1.10 (3.1.10)
\pgflinewidth=\dimen264
)
(/nix/store/qm8wwc8j7q54hjzc5v4fdjam4f21n3yy-texlive-combined-full-2022-final-texmfdist/tex/generic/pgf/basiclayer/pgfcoretransformations.code.tex
File: pgfcoretransformations.code.tex 2023-01-15 v3.1.10 (3.1.10)
\pgf@pt@x=\dimen265
\pgf@pt@y=\dimen266
\pgf@pt@temp=\dimen267
) (/nix/store/qm8wwc8j7q54hjzc5v4fdjam4f21n3yy-texlive-combined-full-2022-final-texmfdist/tex/generic/pgf/basiclayer/pgfcorequick.code.tex
File: pgfcorequick.code.tex 2023-01-15 v3.1.10 (3.1.10)
) (/nix/store/qm8wwc8j7q54hjzc5v4fdjam4f21n3yy-texlive-combined-full-2022-final-texmfdist/tex/generic/pgf/basiclayer/pgfcoreobjects.code.tex
File: pgfcoreobjects.code.tex 2023-01-15 v3.1.10 (3.1.10)
) (/nix/store/qm8wwc8j7q54hjzc5v4fdjam4f21n3yy-texlive-combined-full-2022-final-texmfdist/tex/generic/pgf/basiclayer/pgfcorepathprocessing.code.tex
File: pgfcorepathprocessing.code.tex 2023-01-15 v3.1.10 (3.1.10)
) (/nix/store/qm8wwc8j7q54hjzc5v4fdjam4f21n3yy-texlive-combined-full-2022-final-texmfdist/tex/generic/pgf/basiclayer/pgfcorearrows.code.tex
File: pgfcorearrows.code.tex 2023-01-15 v3.1.10 (3.1.10)
\pgfarrowsep=\dimen268
) (/nix/store/qm8wwc8j7q54hjzc5v4fdjam4f21n3yy-texlive-combined-full-2022-final-texmfdist/tex/generic/pgf/basiclayer/pgfcoreshade.code.tex
File: pgfcoreshade.code.tex 2023-01-15 v3.1.10 (3.1.10)
\pgf@max=\dimen269
\pgf@sys@shading@range@num=\count301
\pgf@shadingcount=\count302
) (/nix/store/qm8wwc8j7q54hjzc5v4fdjam4f21n3yy-texlive-combined-full-2022-final-texmfdist/tex/generic/pgf/basiclayer/pgfcoreimage.code.tex
File: pgfcoreimage.code.tex 2023-01-15 v3.1.10 (3.1.10)
) (/nix/store/qm8wwc8j7q54hjzc5v4fdjam4f21n3yy-texlive-combined-full-2022-final-texmfdist/tex/generic/pgf/basiclayer/pgfcoreexternal.code.tex
File: pgfcoreexternal.code.tex 2023-01-15 v3.1.10 (3.1.10)
\pgfexternal@startupbox=\box109
) (/nix/store/qm8wwc8j7q54hjzc5v4fdjam4f21n3yy-texlive-combined-full-2022-final-texmfdist/tex/generic/pgf/basiclayer/pgfcorelayers.code.tex
File: pgfcorelayers.code.tex 2023-01-15 v3.1.10 (3.1.10)
) (/nix/store/qm8wwc8j7q54hjzc5v4fdjam4f21n3yy-texlive-combined-full-2022-final-texmfdist/tex/generic/pgf/basiclayer/pgfcoretransparency.code.tex
File: pgfcoretransparency.code.tex 2023-01-15 v3.1.10 (3.1.10)
) (/nix/store/qm8wwc8j7q54hjzc5v4fdjam4f21n3yy-texlive-combined-full-2022-final-texmfdist/tex/generic/pgf/basiclayer/pgfcorepatterns.code.tex
File: pgfcorepatterns.code.tex 2023-01-15 v3.1.10 (3.1.10)
) (/nix/store/qm8wwc8j7q54hjzc5v4fdjam4f21n3yy-texlive-combined-full-2022-final-texmfdist/tex/generic/pgf/basiclayer/pgfcorerdf.code.tex
File: pgfcorerdf.code.tex 2023-01-15 v3.1.10 (3.1.10)
))) (/nix/store/qm8wwc8j7q54hjzc5v4fdjam4f21n3yy-texlive-combined-full-2022-final-texmfdist/tex/generic/pgf/modules/pgfmoduleshapes.code.tex
File: pgfmoduleshapes.code.tex 2023-01-15 v3.1.10 (3.1.10)
\pgfnodeparttextbox=\box110
) (/nix/store/qm8wwc8j7q54hjzc5v4fdjam4f21n3yy-texlive-combined-full-2022-final-texmfdist/tex/generic/pgf/modules/pgfmoduleplot.code.tex
File: pgfmoduleplot.code.tex 2023-01-15 v3.1.10 (3.1.10)
)
(/nix/store/qm8wwc8j7q54hjzc5v4fdjam4f21n3yy-texlive-combined-full-2022-final-texmfdist/tex/latex/pgf/compatibility/pgfcomp-version-0-65.sty
Package: pgfcomp-version-0-65 2023-01-15 v3.1.10 (3.1.10)
\pgf@nodesepstart=\dimen270
\pgf@nodesepend=\dimen271
) (/nix/store/qm8wwc8j7q54hjzc5v4fdjam4f21n3yy-texlive-combined-full-2022-final-texmfdist/tex/latex/pgf/compatibility/pgfcomp-version-1-18.sty
Package: pgfcomp-version-1-18 2023-01-15 v3.1.10 (3.1.10)
)) (/nix/store/qm8wwc8j7q54hjzc5v4fdjam4f21n3yy-texlive-combined-full-2022-final-texmfdist/tex/latex/pgf/utilities/pgffor.sty (/nix/store/qm8wwc8j7q54hjzc5v4fdjam4f21n3yy-texlive-combined-full-2022-final-texmfdist/tex/latex/pgf/utilities/pgfkeys.sty (/nix/store/qm8wwc8j7q54hjzc5v4fdjam4f21n3yy-texlive-combined-full-2022-final-texmfdist/tex/generic/pgf/utilities/pgfkeys.code.tex)) (/nix/store/qm8wwc8j7q54hjzc5v4fdjam4f21n3yy-texlive-combined-full-2022-final-texmfdist/tex/latex/pgf/math/pgfmath.sty (/nix/store/qm8wwc8j7q54hjzc5v4fdjam4f21n3yy-texlive-combined-full-2022-final-texmfdist/tex/generic/pgf/math/pgfmath.code.tex)) (/nix/store/qm8wwc8j7q54hjzc5v4fdjam4f21n3yy-texlive-combined-full-2022-final-texmfdist/tex/generic/pgf/utilities/pgffor.code.tex
Package: pgffor 2023-01-15 v3.1.10 (3.1.10)
\pgffor@iter=\dimen272
\pgffor@skip=\dimen273
\pgffor@stack=\toks38
\pgffor@toks=\toks39
)) (/nix/store/qm8wwc8j7q54hjzc5v4fdjam4f21n3yy-texlive-combined-full-2022-final-texmfdist/tex/generic/pgf/frontendlayer/tikz/tikz.code.tex
Package: tikz 2023-01-15 v3.1.10 (3.1.10)
 (/nix/store/qm8wwc8j7q54hjzc5v4fdjam4f21n3yy-texlive-combined-full-2022-final-texmfdist/tex/generic/pgf/libraries/pgflibraryplothandlers.code.tex
File: pgflibraryplothandlers.code.tex 2023-01-15 v3.1.10 (3.1.10)
\pgf@plot@mark@count=\count303
\pgfplotmarksize=\dimen274
)
\tikz@lastx=\dimen275
\tikz@lasty=\dimen276
\tikz@lastxsaved=\dimen277
\tikz@lastysaved=\dimen278
\tikz@lastmovetox=\dimen279
\tikz@lastmovetoy=\dimen280
\tikzleveldistance=\dimen281
\tikzsiblingdistance=\dimen282
\tikz@figbox=\box111
\tikz@figbox@bg=\box112
\tikz@tempbox=\box113
\tikz@tempbox@bg=\box114
\tikztreelevel=\count304
\tikznumberofchildren=\count305
\tikznumberofcurrentchild=\count306
\tikz@fig@count=\count307
 (/nix/store/qm8wwc8j7q54hjzc5v4fdjam4f21n3yy-texlive-combined-full-2022-final-texmfdist/tex/generic/pgf/modules/pgfmodulematrix.code.tex
File: pgfmodulematrix.code.tex 2023-01-15 v3.1.10 (3.1.10)
\pgfmatrixcurrentrow=\count308
\pgfmatrixcurrentcolumn=\count309
\pgf@matrix@numberofcolumns=\count310
)
\tikz@expandcount=\count311
 (/nix/store/qm8wwc8j7q54hjzc5v4fdjam4f21n3yy-texlive-combined-full-2022-final-texmfdist/tex/generic/pgf/frontendlayer/tikz/libraries/tikzlibrarytopaths.code.tex
File: tikzlibrarytopaths.code.tex 2023-01-15 v3.1.10 (3.1.10)
))) (/nix/store/qm8wwc8j7q54hjzc5v4fdjam4f21n3yy-texlive-combined-full-2022-final-texmfdist/tex/generic/pgf/frontendlayer/tikz/libraries/tikzlibraryshapes.code.tex
File: tikzlibraryshapes.code.tex 2023-01-15 v3.1.10 (3.1.10)
 (/nix/store/qm8wwc8j7q54hjzc5v4fdjam4f21n3yy-texlive-combined-full-2022-final-texmfdist/tex/generic/pgf/frontendlayer/tikz/libraries/tikzlibraryshapes.geometric.code.tex
File: tikzlibraryshapes.geometric.code.tex 2023-01-15 v3.1.10 (3.1.10)

(/nix/store/qm8wwc8j7q54hjzc5v4fdjam4f21n3yy-texlive-combined-full-2022-final-texmfdist/tex/generic/pgf/libraries/shapes/pgflibraryshapes.geometric.code.tex
File: pgflibraryshapes.geometric.code.tex 2023-01-15 v3.1.10 (3.1.10)
)) (/nix/store/qm8wwc8j7q54hjzc5v4fdjam4f21n3yy-texlive-combined-full-2022-final-texmfdist/tex/generic/pgf/frontendlayer/tikz/libraries/tikzlibraryshapes.misc.code.tex
File: tikzlibraryshapes.misc.code.tex 2023-01-15 v3.1.10 (3.1.10)
 (/nix/store/qm8wwc8j7q54hjzc5v4fdjam4f21n3yy-texlive-combined-full-2022-final-texmfdist/tex/generic/pgf/libraries/shapes/pgflibraryshapes.misc.code.tex
File: pgflibraryshapes.misc.code.tex 2023-01-15 v3.1.10 (3.1.10)
)) (/nix/store/qm8wwc8j7q54hjzc5v4fdjam4f21n3yy-texlive-combined-full-2022-final-texmfdist/tex/generic/pgf/frontendlayer/tikz/libraries/tikzlibraryshapes.symbols.code.tex
File: tikzlibraryshapes.symbols.code.tex 2023-01-15 v3.1.10 (3.1.10)
 (/nix/store/qm8wwc8j7q54hjzc5v4fdjam4f21n3yy-texlive-combined-full-2022-final-texmfdist/tex/generic/pgf/libraries/shapes/pgflibraryshapes.symbols.code.tex
File: pgflibraryshapes.symbols.code.tex 2023-01-15 v3.1.10 (3.1.10)
)) (/nix/store/qm8wwc8j7q54hjzc5v4fdjam4f21n3yy-texlive-combined-full-2022-final-texmfdist/tex/generic/pgf/frontendlayer/tikz/libraries/tikzlibraryshapes.arrows.code.tex
File: tikzlibraryshapes.arrows.code.tex 2023-01-15 v3.1.10 (3.1.10)
 (/nix/store/qm8wwc8j7q54hjzc5v4fdjam4f21n3yy-texlive-combined-full-2022-final-texmfdist/tex/generic/pgf/libraries/shapes/pgflibraryshapes.arrows.code.tex
File: pgflibraryshapes.arrows.code.tex 2023-01-15 v3.1.10 (3.1.10)
)) (/nix/store/qm8wwc8j7q54hjzc5v4fdjam4f21n3yy-texlive-combined-full-2022-final-texmfdist/tex/generic/pgf/frontendlayer/tikz/libraries/tikzlibraryshapes.callouts.code.tex (/nix/store/qm8wwc8j7q54hjzc5v4fdjam4f21n3yy-texlive-combined-full-2022-final-texmfdist/tex/generic/pgf/libraries/shapes/pgflibraryshapes.callouts.code.tex)) (/nix/store/qm8wwc8j7q54hjzc5v4fdjam4f21n3yy-texlive-combined-full-2022-final-texmfdist/tex/generic/pgf/frontendlayer/tikz/libraries/tikzlibraryshapes.multipart.code.tex
File: tikzlibraryshapes.multipart.code.tex 2023-01-15 v3.1.10 (3.1.10)
 (/nix/store/qm8wwc8j7q54hjzc5v4fdjam4f21n3yy-texlive-combined-full-2022-final-texmfdist/tex/generic/pgf/libraries/shapes/pgflibraryshapes.multipart.code.tex
File: pgflibraryshapes.multipart.code.tex 2023-01-15 v3.1.10 (3.1.10)
\pgfnodepartlowerbox=\box115
\pgfnodeparttwobox=\box116
\pgfnodepartthreebox=\box117
\pgfnodepartfourbox=\box118
\pgfnodeparttwentybox=\box119
\pgfnodepartnineteenbox=\box120
\pgfnodeparteighteenbox=\box121
\pgfnodepartseventeenbox=\box122
\pgfnodepartsixteenbox=\box123
\pgfnodepartfifteenbox=\box124
\pgfnodepartfourteenbox=\box125
\pgfnodepartthirteenbox=\box126
\pgfnodeparttwelvebox=\box127
\pgfnodepartelevenbox=\box128
\pgfnodeparttenbox=\box129
\pgfnodepartninebox=\box130
\pgfnodeparteightbox=\box131
\pgfnodepartsevenbox=\box132
\pgfnodepartsixbox=\box133
\pgfnodepartfivebox=\box134
))) (/nix/store/qm8wwc8j7q54hjzc5v4fdjam4f21n3yy-texlive-combined-full-2022-final-texmfdist/tex/generic/pgf/frontendlayer/tikz/libraries/tikzlibraryfit.code.tex
File: tikzlibraryfit.code.tex 2023-01-15 v3.1.10 (3.1.10)
)
(/nix/store/qm8wwc8j7q54hjzc5v4fdjam4f21n3yy-texlive-combined-full-2022-final-texmfdist/tex/generic/pgf/frontendlayer/tikz/libraries/tikzlibrarycalc.code.tex
File: tikzlibrarycalc.code.tex 2023-01-15 v3.1.10 (3.1.10)
) (/nix/store/qm8wwc8j7q54hjzc5v4fdjam4f21n3yy-texlive-combined-full-2022-final-texmfdist/tex/generic/pgf/libraries/pgflibraryintersections.code.tex (/nix/store/qm8wwc8j7q54hjzc5v4fdjam4f21n3yy-texlive-combined-full-2022-final-texmfdist/tex/generic/pgf/libraries/pgflibraryfpu.code.tex)
\pgf@intersect@solutions=\count312
) (/nix/store/qm8wwc8j7q54hjzc5v4fdjam4f21n3yy-texlive-combined-full-2022-final-texmfdist/tex/latex/pgfopts/pgfopts.sty
Package: pgfopts 2014/07/10 v2.1a LaTeX package options with pgfkeys
\pgfopts@list@add@a@toks=\toks40
\pgfopts@list@add@b@toks=\toks41
) (/nix/store/qm8wwc8j7q54hjzc5v4fdjam4f21n3yy-texlive-combined-full-2022-final-texmfdist/tex/latex/elocalloc/elocalloc.sty
Package: elocalloc 2016/12/15 v0.03 local allocation for LaTeX 2015+ (DPC)
) (/nix/store/qm8wwc8j7q54hjzc5v4fdjam4f21n3yy-texlive-combined-full-2022-final-texmfdist/tex/latex/environ/environ.sty
Package: environ 2014/05/04 v0.3 A new way to define environments
 (/nix/store/qm8wwc8j7q54hjzc5v4fdjam4f21n3yy-texlive-combined-full-2022-final-texmfdist/tex/latex/trimspaces/trimspaces.sty
Package: trimspaces 2009/09/17 v1.1 Trim spaces around a token list
)) (/nix/store/qm8wwc8j7q54hjzc5v4fdjam4f21n3yy-texlive-combined-full-2022-final-texmfdist/tex/latex/l3packages/xparse/xparse.sty (/nix/store/qm8wwc8j7q54hjzc5v4fdjam4f21n3yy-texlive-combined-full-2022-final-texmfdist/tex/latex/l3kernel/expl3.sty
Package: expl3 2023-02-22 L3 programming layer (loader) 
 (/nix/store/qm8wwc8j7q54hjzc5v4fdjam4f21n3yy-texlive-combined-full-2022-final-texmfdist/tex/latex/l3backend/l3backend-pdftex.def
File: l3backend-pdftex.def 2023-01-16 L3 backend support: PDF output (pdfTeX)
\l__color_backend_stack_int=\count313
\l__pdf_internal_box=\box135
))
Package: xparse 2023-02-02 L3 Experimental document command parser
) (/nix/store/qm8wwc8j7q54hjzc5v4fdjam4f21n3yy-texlive-combined-full-2022-final-texmfdist/tex/latex/inlinedef/inlinedef.sty
Package: inlinedef 2008/07/10 v1.0 Inlined expansions within definitions
\ID@toks=\toks42
\ID@count=\count314
)
\ID@usercommands=\toks43
\safeloop@depth=\count315
\safeRKloop@depth=\count316
\forest@temp@dimen=\dimen283
\forest@temp@count=\count317
\forest@n=\count318
\forest@temp@global@count=\count319
\forest@temp@toks=\toks44
\forest@temparray@M=\count320
\forest@temparray@N=\count321
\forest@global@temparray@M=\count322
\forest@global@temparray@N=\count323
\forest@isnum@count=\count324
\forest@isdim@nonintpart=\count325
\forest@isdim@dimen=\dimen284
\forest@sort@m=\count326
\forest@sort@k=\count327
\forest@sort@p=\count328
\bracket@content=\toks45
\bracket@afterthought=\toks46
\forest@node@maxid=\count329
\forest@process@left@M=\count330
\forest@process@left@N=\count331
\forest@process@right@M=\count332
\forest@process@right@N=\count333
\forest@process@saved@M=\count334
\forest@process@saved@N=\count335
\forest@process@result@M=\count336
\forest@process@result@N=\count337
\forest@process@n=\count338
\forest@nodewalk@branch@toks=\toks47
\forest@nodewalk@shortsteps@resolution=\toks48
\forest@do@dynamics=\toks49
\forest@box=\box136
\forest@xg=\dimen285
\forest@yg=\dimen286
\forest@xs=\dimen287
\forest@ys=\dimen288
\forest@pi@toks=\toks50
\forest@segment@toks=\toks51
\forest@PIi@toks=\toks52
\forest@PIii@toks=\toks53
\forest@copy@in=\read3
\forest@copy@out=\write4
\forest@externalize@max@outer@n=\count339
\forest@externalize@inner@n=\count340
)) (/nix/store/qm8wwc8j7q54hjzc5v4fdjam4f21n3yy-texlive-combined-full-2022-final-texmfdist/tex/latex/natbib/natbib.sty
Package: natbib 2010/09/13 8.31b (PWD, AO)
\bibhang=\skip63
\bibsep=\skip64
LaTeX Info: Redefining \cite on input line 694.
\c@NAT@ctr=\count341
) (./Week12Th.aux)
\openout1 = `Week12Th.aux'.

LaTeX Font Info:    Checking defaults for OML/cmm/m/it on input line 74.
LaTeX Font Info:    ... okay on input line 74.
LaTeX Font Info:    Checking defaults for OMS/cmsy/m/n on input line 74.
LaTeX Font Info:    ... okay on input line 74.
LaTeX Font Info:    Checking defaults for OT1/cmr/m/n on input line 74.
LaTeX Font Info:    ... okay on input line 74.
LaTeX Font Info:    Checking defaults for T1/cmr/m/n on input line 74.
LaTeX Font Info:    ... okay on input line 74.
LaTeX Font Info:    Checking defaults for TS1/cmr/m/n on input line 74.
LaTeX Font Info:    ... okay on input line 74.
LaTeX Font Info:    Checking defaults for OMX/cmex/m/n on input line 74.
LaTeX Font Info:    ... okay on input line 74.
LaTeX Font Info:    Checking defaults for U/cmr/m/n on input line 74.
LaTeX Font Info:    ... okay on input line 74.
LaTeX Info: Redefining \microtypecontext on input line 74.
Package microtype Info: Applying patch `item' on input line 74.
Package microtype Info: Applying patch `toc' on input line 74.
Package microtype Info: Applying patch `eqnum' on input line 74.
Package microtype Info: Applying patch `footnote' on input line 74.
Package microtype Info: Applying patch `verbatim' on input line 74.
Package microtype Info: Generating PDF output.
Package microtype Info: Character protrusion enabled (level 2).
Package microtype Info: Using default protrusion set `alltext'.
Package microtype Info: Automatic font expansion enabled (level 2),
(microtype)             stretch: 20, shrink: 20, step: 1, non-selected.
Package microtype Info: Using default expansion set `alltext-nott'.
LaTeX Info: Redefining \showhyphens on input line 74.
Package microtype Info: No adjustment of tracking.
Package microtype Info: No adjustment of interword spacing.
Package microtype Info: No adjustment of character kerning.
 (/nix/store/qm8wwc8j7q54hjzc5v4fdjam4f21n3yy-texlive-combined-full-2022-final-texmfdist/tex/latex/microtype/mt-ppl.cfg
File: mt-ppl.cfg 2005/11/16 v1.6 microtype config. file: Palatino (RS)
) (/nix/store/qm8wwc8j7q54hjzc5v4fdjam4f21n3yy-texlive-combined-full-2022-final-texmfdist/tex/context/base/mkii/supp-pdf.mkii
[Loading MPS to PDF converter (version 2006.09.02).]
\scratchcounter=\count342
\scratchdimen=\dimen289
\scratchbox=\box137
\nofMPsegments=\count343
\nofMParguments=\count344
\everyMPshowfont=\toks54
\MPscratchCnt=\count345
\MPscratchDim=\dimen290
\MPnumerator=\count346
\makeMPintoPDFobject=\count347
\everyMPtoPDFconversion=\toks55
) (/nix/store/qm8wwc8j7q54hjzc5v4fdjam4f21n3yy-texlive-combined-full-2022-final-texmfdist/tex/latex/epstopdf-pkg/epstopdf-base.sty
Package: epstopdf-base 2020-01-24 v2.11 Base part for package epstopdf
 (/nix/store/qm8wwc8j7q54hjzc5v4fdjam4f21n3yy-texlive-combined-full-2022-final-texmfdist/tex/generic/infwarerr/infwarerr.sty
Package: infwarerr 2019/12/03 v1.5 Providing info/warning/error messages (HO)
) (/nix/store/qm8wwc8j7q54hjzc5v4fdjam4f21n3yy-texlive-combined-full-2022-final-texmfdist/tex/latex/grfext/grfext.sty
Package: grfext 2019/12/03 v1.3 Manage graphics extensions (HO)
 (/nix/store/qm8wwc8j7q54hjzc5v4fdjam4f21n3yy-texlive-combined-full-2022-final-texmfdist/tex/generic/kvdefinekeys/kvdefinekeys.sty
Package: kvdefinekeys 2019-12-19 v1.6 Define keys (HO)
)) (/nix/store/qm8wwc8j7q54hjzc5v4fdjam4f21n3yy-texlive-combined-full-2022-final-texmfdist/tex/latex/kvoptions/kvoptions.sty
Package: kvoptions 2022-06-15 v3.15 Key value format for package options (HO)
 (/nix/store/qm8wwc8j7q54hjzc5v4fdjam4f21n3yy-texlive-combined-full-2022-final-texmfdist/tex/generic/ltxcmds/ltxcmds.sty
Package: ltxcmds 2020-05-10 v1.25 LaTeX kernel commands for general use (HO)
) (/nix/store/qm8wwc8j7q54hjzc5v4fdjam4f21n3yy-texlive-combined-full-2022-final-texmfdist/tex/latex/kvsetkeys/kvsetkeys.sty
Package: kvsetkeys 2022-10-05 v1.19 Key value parser (HO)
)) (/nix/store/qm8wwc8j7q54hjzc5v4fdjam4f21n3yy-texlive-combined-full-2022-final-texmfdist/tex/generic/pdftexcmds/pdftexcmds.sty
Package: pdftexcmds 2020-06-27 v0.33 Utility functions of pdfTeX for LuaTeX (HO)
 (/nix/store/qm8wwc8j7q54hjzc5v4fdjam4f21n3yy-texlive-combined-full-2022-final-texmfdist/tex/generic/iftex/iftex.sty
Package: iftex 2022/02/03 v1.0f TeX engine tests
)
Package pdftexcmds Info: \pdf@primitive is available.
Package pdftexcmds Info: \pdf@ifprimitive is available.
Package pdftexcmds Info: \pdfdraftmode found.
)
Package epstopdf-base Info: Redefining graphics rule for `.eps' on input line 485.
Package grfext Info: Graphics extension search list:
(grfext)             [.pdf,.png,.jpg,.mps,.jpeg,.jbig2,.jb2,.PDF,.PNG,.JPG,.JPEG,.JBIG2,.JB2,.eps]
(grfext)             \AppendGraphicsExtensions on input line 504.
 (/nix/store/qm8wwc8j7q54hjzc5v4fdjam4f21n3yy-texlive-combined-full-2022-final-texmfdist/tex/latex/latexconfig/epstopdf-sys.cfg
File: epstopdf-sys.cfg 2010/07/13 v1.3 Configuration of (r)epstopdf for TeX Live
))
LaTeX Font Info:    Trying to load font information for OT1+ppl on input line 86.
 (/nix/store/qm8wwc8j7q54hjzc5v4fdjam4f21n3yy-texlive-combined-full-2022-final-texmfdist/tex/latex/psnfss/ot1ppl.fd
File: ot1ppl.fd 2001/06/04 font definitions for OT1/ppl.
)
LaTeX Font Info:    Trying to load font information for OML+zplm on input line 86.
 (/nix/store/qm8wwc8j7q54hjzc5v4fdjam4f21n3yy-texlive-combined-full-2022-final-texmfdist/tex/latex/psnfss/omlzplm.fd
File: omlzplm.fd 2002/09/08 Fontinst v1.914 font definitions for OML/zplm.
)
LaTeX Font Info:    Trying to load font information for OMS+zplm on input line 86.
 (/nix/store/qm8wwc8j7q54hjzc5v4fdjam4f21n3yy-texlive-combined-full-2022-final-texmfdist/tex/latex/psnfss/omszplm.fd
File: omszplm.fd 2002/09/08 Fontinst v1.914 font definitions for OMS/zplm.
)
LaTeX Font Info:    Trying to load font information for OMX+zplm on input line 86.
 (/nix/store/qm8wwc8j7q54hjzc5v4fdjam4f21n3yy-texlive-combined-full-2022-final-texmfdist/tex/latex/psnfss/omxzplm.fd
File: omxzplm.fd 2002/09/08 Fontinst v1.914 font definitions for OMX/zplm.
)
LaTeX Font Info:    Font shape `U/msa/m/n' will be
(Font)              scaled to size 11.40997pt on input line 86.
 (/nix/store/qm8wwc8j7q54hjzc5v4fdjam4f21n3yy-texlive-combined-full-2022-final-texmfdist/tex/latex/microtype/mt-msa.cfg
File: mt-msa.cfg 2006/02/04 v1.1 microtype config. file: AMS symbols (a) (RS)
)
LaTeX Font Info:    Font shape `U/msa/m/n' will be
(Font)              scaled to size 8.33606pt on input line 86.
LaTeX Font Info:    Font shape `U/msa/m/n' will be
(Font)              scaled to size 6.25204pt on input line 86.
LaTeX Font Info:    Font shape `U/msb/m/n' will be
(Font)              scaled to size 11.40997pt on input line 86.
 (/nix/store/qm8wwc8j7q54hjzc5v4fdjam4f21n3yy-texlive-combined-full-2022-final-texmfdist/tex/latex/microtype/mt-msb.cfg
File: mt-msb.cfg 2005/06/01 v1.0 microtype config. file: AMS symbols (b) (RS)
)
LaTeX Font Info:    Font shape `U/msb/m/n' will be
(Font)              scaled to size 8.33606pt on input line 86.
LaTeX Font Info:    Font shape `U/msb/m/n' will be
(Font)              scaled to size 6.25204pt on input line 86.
LaTeX Font Info:    Trying to load font information for U+rsfs on input line 86.

(/nix/store/qm8wwc8j7q54hjzc5v4fdjam4f21n3yy-texlive-combined-full-2022-final-texmfdist/tex/latex/jknapltx/ursfs.fd
File: ursfs.fd 1998/03/24 rsfs font definition file (jk)
)
LaTeX Font Info:    Trying to load font information for U+stmry on input line 86.
 (/nix/store/qm8wwc8j7q54hjzc5v4fdjam4f21n3yy-texlive-combined-full-2022-final-texmfdist/tex/latex/stmaryrd/Ustmry.fd)
LaTeX Font Info:    Trying to load font information for OT1+zplm on input line 86.
 (/nix/store/qm8wwc8j7q54hjzc5v4fdjam4f21n3yy-texlive-combined-full-2022-final-texmfdist/tex/latex/psnfss/ot1zplm.fd
File: ot1zplm.fd 2002/09/08 Fontinst v1.914 font definitions for OT1/zplm.
)
Package microtype Info: Loading generic protrusion settings for font family
(microtype)             `zplm' (encoding: OT1).
(microtype)             For optimal results, create family-specific settings.
(microtype)             See the microtype manual for details.
 [1

{/nix/store/ic377y0qhnw7n5bhx4vn9b6xy4ysapdz-texlive-combined-full-2022-final/share/texmf-var/fonts/map/pdftex/updmap/pdftex.map}]
./Week12Th.tex:156: Undefined control sequence.
l.156 ...:] Let $\varphi_i$ be the $i$\superscript
                                                  {th} line of $X$.
The control sequence at the end of the top line
of your error message was never \def'ed. If you have
misspelled it (e.g., `\hobx'), type `I' and the correct
spelling (e.g., `I\hbox'). Otherwise just continue,
and I'll forget about whatever was undefined.

LaTeX Font Info:    Trying to load font information for TS1+ppl on input line 177.
(/nix/store/qm8wwc8j7q54hjzc5v4fdjam4f21n3yy-texlive-combined-full-2022-final-texmfdist/tex/latex/psnfss/ts1ppl.fd
File: ts1ppl.fd 2001/06/04 font definitions for TS1/ppl.
)
LaTeX Font Info:    Trying to load font information for U+fplmbb on input line 177.
 (/nix/store/qm8wwc8j7q54hjzc5v4fdjam4f21n3yy-texlive-combined-full-2022-final-texmfdist/tex/latex/psnfss/ufplmbb.fd
File: ufplmbb.fd 2003/10/30 Fontinst v1.914 font definitions for U/fplmbb.
)
./Week12Th.tex:178: Undefined control sequence.
<recently read> \va 
                    
l.178       \item Letting $\va
                              {a}$ be a variable assignment, $\VV{\I}{\va{a}...
The control sequence at the end of the top line
of your error message was never \def'ed. If you have
misspelled it (e.g., `\hobx'), type `I' and the correct
spelling (e.g., `I\hbox'). Otherwise just continue,
and I'll forget about whatever was undefined.

./Week12Th.tex:178: Undefined control sequence.
<argument> \va 
               {a}
l.178 ...e a variable assignment, $\VV{\I}{\va{a}}
                                                  (\alpha)=\VV{\I}{\va{a}}(\...
The control sequence at the end of the top line
of your error message was never \def'ed. If you have
misspelled it (e.g., `\hobx'), type `I' and the correct
spelling (e.g., `I\hbox'). Otherwise just continue,
and I'll forget about whatever was undefined.

./Week12Th.tex:178: Undefined control sequence.
<argument> \va 
               {a}
l.178 ... $\VV{\I}{\va{a}}(\alpha)=\VV{\I}{\va{a}}
                                                  (\alpha)$.
The control sequence at the end of the top line
of your error message was never \def'ed. If you have
misspelled it (e.g., `\hobx'), type `I' and the correct
spelling (e.g., `I\hbox'). Otherwise just continue,
and I'll forget about whatever was undefined.

./Week12Th.tex:179: Undefined control sequence.
<argument> \va 
               {a}
l.179       \item So $\VV{\I}{\va{a}}
                                     (\alpha=\alpha)=1$, and so $\vDash \alp...
The control sequence at the end of the top line
of your error message was never \def'ed. If you have
misspelled it (e.g., `\hobx'), type `I' and the correct
spelling (e.g., `I\hbox'). Otherwise just continue,
and I'll forget about whatever was undefined.

[2] [3] (./Week12Th.aux) ) 
Here is how much of TeX's memory you used:
 30796 strings out of 476024
 760648 string characters out of 5764067
 1863388 words of memory out of 5000000
 50675 multiletter control sequences out of 15000+600000
 547175 words of font info for 159 fonts, out of 8000000 for 9000
 1141 hyphenation exceptions out of 8191
 112i,5n,117p,1697b,333s stack positions out of 10000i,1000n,20000p,200000b,200000s
{/nix/store/qm8wwc8j7q54hjzc5v4fdjam4f21n3yy-texlive-combined-full-2022-final-texmfdist/fonts/enc/dvips/base/8r.enc}</nix/store/qm8wwc8j7q54hjzc5v4fdjam4f21n3yy-texlive-combined-full-2022-final-texmfdist/fonts/type1/public/amsfonts/cm/cmr10.pfb></nix/store/qm8wwc8j7q54hjzc5v4fdjam4f21n3yy-texlive-combined-full-2022-final-texmfdist/fonts/type1/public/amsfonts/cm/cmsy10.pfb></nix/store/qm8wwc8j7q54hjzc5v4fdjam4f21n3yy-texlive-combined-full-2022-final-texmfdist/fonts/type1/public/mathpazo/fplmbb.pfb></nix/store/qm8wwc8j7q54hjzc5v4fdjam4f21n3yy-texlive-combined-full-2022-final-texmfdist/fonts/type1/public/mathpazo/fplmr.pfb></nix/store/qm8wwc8j7q54hjzc5v4fdjam4f21n3yy-texlive-combined-full-2022-final-texmfdist/fonts/type1/public/mathpazo/fplmri.pfb></nix/store/qm8wwc8j7q54hjzc5v4fdjam4f21n3yy-texlive-combined-full-2022-final-texmfdist/fonts/type1/public/amsfonts/symbols/msam10.pfb></nix/store/qm8wwc8j7q54hjzc5v4fdjam4f21n3yy-texlive-combined-full-2022-final-texmfdist/fonts/type1/public/amsfonts/symbols/msbm10.pfb></nix/store/qm8wwc8j7q54hjzc5v4fdjam4f21n3yy-texlive-combined-full-2022-final-texmfdist/fonts/type1/urw/palatino/uplb8a.pfb></nix/store/qm8wwc8j7q54hjzc5v4fdjam4f21n3yy-texlive-combined-full-2022-final-texmfdist/fonts/type1/urw/palatino/uplr8a.pfb></nix/store/qm8wwc8j7q54hjzc5v4fdjam4f21n3yy-texlive-combined-full-2022-final-texmfdist/fonts/type1/urw/palatino/uplri8a.pfb>
Output written on Week12Th.pdf (3 pages, 102971 bytes).
PDF statistics:
 68 PDF objects out of 1000 (max. 8388607)
 42 compressed objects within 1 object stream
 0 named destinations out of 1000 (max. 500000)
 52749 words of extra memory for PDF output out of 61914 (max. 10000000)

